
SQL*Plus: Release 11.2.0.4.0 Production on Fri Mar 3 23:45:21 2023

Copyright (c) 1982, 2013, Oracle.  All rights reserved.


Connected to:
Oracle Database 11g Enterprise Edition Release 11.2.0.4.0 - 64bit Production
With the Partitioning, Real Application Clusters, Automatic Storage Management, OLAP,
Data Mining and Real Application Testing options

Fri Mar  3 23:45:21 WIB 2023


Index created.

Elapsed: 00:24:46.49

Index altered.

Elapsed: 00:00:00.01
Sat Mar  4 00:10:08 WIB 2023


Table created.

Elapsed: 02:11:16.90
Sat Mar  4 02:21:24 WIB 2023


Index created.

Elapsed: 00:10:26.62

Index altered.

Elapsed: 00:00:00.01
Sat Mar  4 02:31:51 WIB 2023


Index dropped.

Elapsed: 00:00:00.73
Sat Mar  4 02:31:52 WIB 2023


Index created.

Elapsed: 00:47:30.49

Index altered.

Elapsed: 00:00:00.02
Sat Mar  4 03:19:23 WIB 2023

Disconnected from Oracle Database 11g Enterprise Edition Release 11.2.0.4.0 - 64bit Production
With the Partitioning, Real Application Clusters, Automatic Storage Management, OLAP,
Data Mining and Real Application Testing options
