****************************************************************************
* REMOVE OLD ORACLE LOG - START 
* ---------------------------------- 
*     SYSTEM : mcbdbdrc01         
* START DATE : 26/12/2023   
* START TIME : 06:15:00   
****************************************************************************

Listing of bdump old trace : /oracle/gridbase/diag/asm/+asm/+ASM1/trace
./+ASM1_rbal_4915244.trm
./+ASM1_rbal_4915244.trc
Listing of adump old trace : /oracle/app/grid/11.2.0.4/rdbms/audit
./+ASM1_ora_10551888_20231223030215812113143795.aud
./+ASM1_ora_11010378_20231222100844666330143795.aud
./+ASM1_ora_11206922_20231223020910159420143795.aud
./+ASM1_ora_12321016_20231223055414540579143795.aud
./+ASM1_ora_12321128_20231222073841438091143795.aud
./+ASM1_ora_12321188_20231222072340508732143795.aud
./+ASM1_ora_12452390_20231223040117610296143795.aud
./+ASM1_ora_12518022_20231222133849906590143795.aud
./+ASM1_ora_12583594_20231222165354717567143795.aud
./+ASM1_ora_12583796_20231223002405970503143795.aud
./+ASM1_ora_12583850_20231222144009393531143795.aud
./+ASM1_ora_12583918_20231222113846885840143795.aud
./+ASM1_ora_12648776_20231223023909544388143795.aud
./+ASM1_ora_12648784_20231223030001898215143795.aud
./+ASM1_ora_12648890_20231222213901828889143795.aud
./+ASM1_ora_12714598_20231222085342749418143795.aud
./+ASM1_ora_12714740_20231222161509172998143795.aud
./+ASM1_ora_13108176_20231223020143645238143795.aud
./+ASM1_ora_13238936_20231222184214347590143795.aud
./+ASM1_ora_13238944_20231223025305147037143795.aud
./+ASM1_ora_13239030_20231222175356207995143795.aud
./+ASM1_ora_13304678_20231223042412239560143795.aud
./+ASM1_ora_13304692_20231222192358453209143795.aud
./+ASM1_ora_13697678_20231223012407951416143795.aud
./+ASM1_ora_14156444_20231223055424037914143795.aud
./+ASM1_ora_14221636_20231222190858059992143795.aud
./+ASM1_ora_14221758_20231222134507130692143795.aud
./+ASM1_ora_14352564_20231222214713747017143795.aud
./+ASM1_ora_14352608_20231223040918023025143795.aud
./+ASM1_ora_14417920_20231222224830994594143795.aud
./+ASM1_ora_15401230_20231222120847615329143795.aud
./+ASM1_ora_15401408_20231222123848349378143795.aud
./+ASM1_ora_15663146_20231222185352137254143795.aud
./+ASM1_ora_15663162_20231222173855874123143795.aud
./+ASM1_ora_15860300_20231223025305043538143795.aud
./+ASM1_ora_15860372_20231223030104542194143795.aud
./+ASM1_ora_15925584_20231222062338982553143795.aud
./+ASM1_ora_15925590_20231222105345793348143795.aud
./+ASM1_ora_15925680_20231223013907886808143795.aud
./+ASM1_ora_15925708_20231222145351683954143795.aud
./+ASM1_ora_15925736_20231222112346562139143795.aud
./+ASM1_ora_16122016_20231222141009326853143795.aud
./+ASM1_ora_16318568_20231222110846148083143795.aud
./+ASM1_ora_1704662_20231222132509264186143795.aud
./+ASM1_ora_17432796_20231223024236626693143795.aud
./+ASM1_ora_17498160_20231223035411453577143795.aud
./+ASM1_ora_17563922_20231222182356947388143795.aud
./+ASM1_ora_17564040_20231222203900397666143795.aud
./+ASM1_ora_17564078_20231222150852067777143795.aud
./+ASM1_ora_18153568_20231222231136960478143795.aud
./+ASM1_ora_18612468_20231223030910322004143795.aud
./+ASM1_ora_19005484_20231222152352442139143795.aud
./+ASM1_ora_19857718_20231222080841621029143795.aud
./+ASM1_ora_20578690_20231223050913411660143795.aud
./+ASM1_ora_21103090_20231222212401513676143795.aud
./+ASM1_ora_21495834_20231222232404874047143795.aud
./+ASM1_ora_21495920_20231222230904159742143795.aud
./+ASM1_ora_21495960_20231222153852863166143795.aud
./+ASM1_ora_21889380_20231223015408256374143795.aud
./+ASM1_ora_21889522_20231222172008232221143795.aud
./+ASM1_ora_22282276_20231222200859615539143795.aud
./+ASM1_ora_22282298_20231222132349503202143795.aud
./+ASM1_ora_22282318_20231222163854358141143795.aud
./+ASM1_ora_22282354_20231222102345035230143795.aud
./+ASM1_ora_22282388_20231222201215633761143795.aud
./+ASM1_ora_22282474_20231222142008407015143795.aud
./+ASM1_ora_23265532_20231223053914219744143795.aud
./+ASM1_ora_2490858_20231222065339635217143795.aud
./+ASM1_ora_26345566_20231223030215852386143795.aud
./+ASM1_ora_2687594_20231222205400704486143795.aud
./+ASM1_ora_27590690_20231222115347223763143795.aud
./+ASM1_ora_27590834_20231222170855095005143795.aud
./+ASM1_ora_29687830_20231222103845372759143795.aud
./+ASM1_ora_29818934_20231222082342002130143795.aud
./+ASM1_ora_29819012_20231222093844044355143795.aud
./+ASM1_ora_29819122_20231222095344334038143795.aud
./+ASM1_ora_3015068_20231222154009065780143795.aud
./+ASM1_ora_3015164_20231222063839302936143795.aud
./+ASM1_ora_31064150_20231223030215730489143795.aud
./+ASM1_ora_31260816_20231222145507408366143795.aud
./+ASM1_ora_31260920_20231222202400023576143795.aud
./+ASM1_ora_3867410_20231222130849093592143795.aud
./+ASM1_ora_3867446_20231222210901098422143795.aud
./+ASM1_ora_3867532_20231222222402925002143795.aud
./+ASM1_ora_3867586_20231223010907305011143795.aud
./+ASM1_ora_3867646_20231222122347993926143795.aud
./+ASM1_ora_3933014_20231223022409134594143795.aud
./+ASM1_ora_3933024_20231222183857341152143795.aud
./+ASM1_ora_3933058_20231222172355530674143795.aud
./+ASM1_ora_3933122_20231222142508747284143795.aud
./+ASM1_ora_3933128_20231222132009084532143795.aud
./+ASM1_ora_3933140_20231222193858827229143795.aud
./+ASM1_ora_3933166_20231222143851352957143795.aud
./+ASM1_ora_4457100_20231222160853591861143795.aud
./+ASM1_ora_4522680_20231223033910997604143795.aud
./+ASM1_ora_4719590_20231223030215769810143795.aud
./+ASM1_ora_4785098_20231222174406198430143795.aud
./+ASM1_ora_4785128_20231222075341219437143795.aud
./+ASM1_ora_5308630_20231223060914878233143795.aud
./+ASM1_ora_5898788_20231222203213420330143795.aud
./+ASM1_ora_5964556_20231222122506811162143795.aud
./+ASM1_ora_5964576_20231222131508872269143795.aud
./+ASM1_ora_5964674_20231222233905004251143795.aud
./+ASM1_ora_5964798_20231222124007631483143795.aud
./+ASM1_ora_6226214_20231222083842369445143795.aud
./+ASM1_ora_6226330_20231222162353974125143795.aud
./+ASM1_ora_6226422_20231222092430241379143795.aud
./+ASM1_ora_6423112_20231222140850607630143795.aud
./+ASM1_ora_6423174_20231222125508088254143795.aud
./+ASM1_ora_6423236_20231222183714196605143795.aud
./+ASM1_ora_6947420_20231223042156282617143795.aud
./+ASM1_ora_7013022_20231222220902609211143795.aud
./+ASM1_ora_7078846_20231222115508902982143795.aud
./+ASM1_ora_7078848_20231222123007153998143795.aud
./+ASM1_ora_7078910_20231222092343585672143795.aud
./+ASM1_ora_7274762_20231222215402215115143795.aud
./+ASM1_ora_7274772_20231222180856537098143795.aud
./+ASM1_ora_7406544_20231222195359211380143795.aud
./+ASM1_ora_7471902_20231223005406660486143795.aud
./+ASM1_ora_7472084_20231223000905640936143795.aud
./+ASM1_ora_7537196_20231223032410682881143795.aud
./+ASM1_ora_7537284_20231222070840059019143795.aud
./+ASM1_ora_7537292_20231222223903304250143795.aud
./+ASM1_ora_7537332_20231222225403860798143795.aud
./+ASM1_ora_7602838_20231223045413002015143795.aud
./+ASM1_ora_7668498_20231222125348759752143795.aud
./+ASM1_ora_7668584_20231222090843071641143795.aud
./+ASM1_ora_7668660_20231222142351002993143795.aud
./+ASM1_ora_7799260_20231223043912619237143795.aud
./+ASM1_ora_7799438_20231223025409886770143795.aud
./+ASM1_ora_7930392_20231223003906314574143795.aud
./+ASM1_ora_8192548_20231222235405306134143795.aud
./+ASM1_ora_8650816_20231223040912133802143795.aud
./+ASM1_ora_8650884_20231222123007044010143795.aud
./+ASM1_ora_8650900_20231222155353195684143795.aud
./+ASM1_ora_8651386_20231223052413878807143795.aud
./+ASM1_ora_8651436_20231223025306395331143795.aud
./+ASM1_ora_9306714_20231222135350223236143795.aud
./+ASM1_ora_9306784_20231222164509626600143795.aud

./log_1.xml

****************************************************************************
* REMOVE OLD ORACLE LOG - END 
* -------------------------------- 
*     SYSTEM : mcbdbdrc01         
* START DATE : 26/12/2023   
* START TIME : 06:15:01   
****************************************************************************
