****************************************************************************
* REMOVE OLD ORACLE LOG - START 
* ---------------------------------- 
*     SYSTEM : mcbdbdrc01         
* START DATE : 27/12/2023   
* START TIME : 06:00:00   
****************************************************************************

Listing of bdump old trace : /oracle/app/oracle/diag/rdbms/bmidr/bmiprd1/trace
./bmiprd1_ora_10814236.trm
./bmiprd1_ora_10814246.trm
./bmiprd1_ora_10814312.trm
./bmiprd1_ora_10814462.trm
./bmiprd1_ora_11272308.trm
./bmiprd1_ora_11272322.trm
./bmiprd1_ora_11731080.trm
./bmiprd1_ora_12321686.trm
./bmiprd1_ora_12321788.trm
./bmiprd1_ora_12714630.trm
./bmiprd1_ora_12714732.trm
./bmiprd1_ora_12780372.trm
./bmiprd1_ora_12780518.trm
./bmiprd1_ora_13434962.trm
./bmiprd1_ora_14418584.trm
./bmiprd1_ora_15270404.trm
./bmiprd1_ora_15270608.trm
./bmiprd1_ora_15401308.trm
./bmiprd1_ora_15532392.trm
./bmiprd1_ora_15532498.trm
./bmiprd1_ora_15860238.trm
./bmiprd1_ora_16318776.trm
./bmiprd1_ora_16318890.trm
./bmiprd1_ora_17039388.trm
./bmiprd1_ora_17039392.trm
./bmiprd1_ora_17039440.trm
./bmiprd1_ora_17039528.trm
./bmiprd1_ora_17039552.trm
./bmiprd1_ora_17498212.trm
./bmiprd1_ora_17498252.trm
./bmiprd1_ora_17498352.trm
./bmiprd1_ora_18350368.trm
./bmiprd1_ora_18350578.trm
./bmiprd1_ora_18481488.trm
./bmiprd1_ora_20382008.trm
./bmiprd1_ora_20382028.trm
./bmiprd1_ora_26476604.trm
./bmiprd1_ora_26476762.trm
./bmiprd1_ora_29032524.trm
./bmiprd1_ora_29032692.trm
./bmiprd1_ora_31064076.trm
./bmiprd1_ora_31064248.trm
./bmiprd1_ora_3146648.trm
./bmiprd1_ora_31588574.trm
./bmiprd1_ora_3211872.trm
./bmiprd1_ora_3211930.trm
./bmiprd1_ora_3212028.trm
./bmiprd1_ora_4260524.trm
./bmiprd1_ora_6291712.trm
./bmiprd1_ora_6291844.trm
./bmiprd1_ora_6291846.trm
./bmiprd1_ora_6291936.trm
./bmiprd1_ora_6423054.trm
./bmiprd1_ora_6947456.trm
./bmiprd1_ora_7013262.trm
./bmiprd1_ora_7013294.trm
./bmiprd1_ora_7013316.trm
./bmiprd1_ora_7013320.trm
./bmiprd1_ora_7078512.trm
./bmiprd1_ora_7143426.trm
./bmiprd1_ora_7143630.trm
./bmiprd1_ora_7406356.trm
./bmiprd1_ora_7406402.trm
./bmiprd1_ora_7406452.trm
./bmiprd1_ora_7406526.trm
./bmiprd1_ora_7471438.trm
./bmiprd1_ora_7471478.trm
./bmiprd1_ora_7602700.trm
./bmiprd1_ora_7602710.trm
./bmiprd1_ora_7602734.trm
./bmiprd1_ora_7602754.trm
./bmiprd1_ora_7602830.trm
./bmiprd1_ora_7668206.trm
./bmiprd1_ora_7930410.trm
./bmiprd1_ora_8192812.trm
./bmiprd1_ora_8192936.trm
./bmiprd1_ora_8651560.trm
./bmiprd1_ora_8651710.trm
./bmiprd1_ora_9962308.trm
./bmiprd1_ora_9962312.trm
./bmiprd1_rfs_13434958.trm
./bmiprd1_rfs_17498112.trm
./bmiprd1_ora_10814236.trc
./bmiprd1_ora_10814246.trc
./bmiprd1_ora_10814312.trc
./bmiprd1_ora_10814462.trc
./bmiprd1_ora_11272308.trc
./bmiprd1_ora_11272322.trc
./bmiprd1_ora_11731080.trc
./bmiprd1_ora_12321686.trc
./bmiprd1_ora_12321788.trc
./bmiprd1_ora_12714630.trc
./bmiprd1_ora_12714732.trc
./bmiprd1_ora_12780372.trc
./bmiprd1_ora_12780518.trc
./bmiprd1_ora_13434962.trc
./bmiprd1_ora_14418584.trc
./bmiprd1_ora_15270404.trc
./bmiprd1_ora_15270608.trc
./bmiprd1_ora_15401308.trc
./bmiprd1_ora_15532392.trc
./bmiprd1_ora_15532498.trc
./bmiprd1_ora_15860238.trc
./bmiprd1_ora_16318776.trc
./bmiprd1_ora_16318890.trc
./bmiprd1_ora_17039388.trc
./bmiprd1_ora_17039392.trc
./bmiprd1_ora_17039440.trc
./bmiprd1_ora_17039528.trc
./bmiprd1_ora_17039552.trc
./bmiprd1_ora_17498212.trc
./bmiprd1_ora_17498252.trc
./bmiprd1_ora_17498352.trc
./bmiprd1_ora_18350368.trc
./bmiprd1_ora_18350578.trc
./bmiprd1_ora_18481488.trc
./bmiprd1_ora_20382008.trc
./bmiprd1_ora_20382028.trc
./bmiprd1_ora_26476604.trc
./bmiprd1_ora_26476762.trc
./bmiprd1_ora_29032524.trc
./bmiprd1_ora_29032692.trc
./bmiprd1_ora_31064076.trc
./bmiprd1_ora_31064248.trc
./bmiprd1_ora_3146648.trc
./bmiprd1_ora_31588574.trc
./bmiprd1_ora_3211872.trc
./bmiprd1_ora_3211930.trc
./bmiprd1_ora_3212028.trc
./bmiprd1_ora_4260524.trc
./bmiprd1_ora_6291712.trc
./bmiprd1_ora_6291844.trc
./bmiprd1_ora_6291846.trc
./bmiprd1_ora_6291936.trc
./bmiprd1_ora_6423054.trc
./bmiprd1_ora_6947456.trc
./bmiprd1_ora_7013262.trc
./bmiprd1_ora_7013294.trc
./bmiprd1_ora_7013316.trc
./bmiprd1_ora_7013320.trc
./bmiprd1_ora_7078512.trc
./bmiprd1_ora_7143426.trc
./bmiprd1_ora_7143630.trc
./bmiprd1_ora_7406356.trc
./bmiprd1_ora_7406402.trc
./bmiprd1_ora_7406452.trc
./bmiprd1_ora_7406526.trc
./bmiprd1_ora_7471438.trc
./bmiprd1_ora_7471478.trc
./bmiprd1_ora_7602700.trc
./bmiprd1_ora_7602710.trc
./bmiprd1_ora_7602734.trc
./bmiprd1_ora_7602754.trc
./bmiprd1_ora_7602830.trc
./bmiprd1_ora_7668206.trc
./bmiprd1_ora_7930410.trc
./bmiprd1_ora_8192812.trc
./bmiprd1_ora_8192936.trc
./bmiprd1_ora_8651560.trc
./bmiprd1_ora_8651710.trc
./bmiprd1_ora_9962308.trc
./bmiprd1_ora_9962312.trc
./bmiprd1_rfs_13434958.trc
./bmiprd1_rfs_17498112.trc
Listing of adump old trace : /oracle/app/oracle/admin/bmiprd/adump
./bmiprd1_ora_10814214_20231223214748091703143795.aud
./bmiprd1_ora_10814222_20231223222505956891143795.aud
./bmiprd1_ora_10814236_20231223070006825739143795.aud
./bmiprd1_ora_10814238_20231223215306251064143795.aud
./bmiprd1_ora_10814246_20231223070025931390143795.aud
./bmiprd1_ora_10814246_20231223073152664636143795.aud
./bmiprd1_ora_10814268_20231223142117075719143795.aud
./bmiprd1_ora_10814298_20231224040458406259143795.aud
./bmiprd1_ora_10814300_20231223230219935720143795.aud
./bmiprd1_ora_10814304_20231224000607834600143795.aud
./bmiprd1_ora_10814306_20231223131732428258143795.aud
./bmiprd1_ora_10814308_20231223123458919115143795.aud
./bmiprd1_ora_10814312_20231223060022079389143795.aud
./bmiprd1_ora_10814316_20231224054127650330143795.aud
./bmiprd1_ora_10814320_20231223164448142732143795.aud
./bmiprd1_ora_10814324_20231223110439374598143795.aud
./bmiprd1_ora_10814328_20231224034345565102143795.aud
./bmiprd1_ora_10814352_20231223100910058644143795.aud
./bmiprd1_ora_10814352_20231223202247634203143795.aud
./bmiprd1_ora_10814352_20231224015218801878143795.aud
./bmiprd1_ora_10814354_20231223194534621200143795.aud
./bmiprd1_ora_10814360_20231223103803970775143795.aud
./bmiprd1_ora_10814362_20231223151947702904143795.aud
./bmiprd1_ora_10814366_20231223184703880767143795.aud
./bmiprd1_ora_10814366_20231223213151041813143795.aud
./bmiprd1_ora_10814370_20231223143154457956143795.aud
./bmiprd1_ora_10814402_20231223065438735396143795.aud
./bmiprd1_ora_10814404_20231223102725364303143795.aud
./bmiprd1_ora_10814414_20231223134925010175143795.aud
./bmiprd1_ora_10814416_20231223100049029292143795.aud
./bmiprd1_ora_10814418_20231223094453041639143795.aud
./bmiprd1_ora_10814418_20231223163410644098143795.aud
./bmiprd1_ora_10814440_20231223093414558082143795.aud
./bmiprd1_ora_10814442_20231223191339958796143795.aud
./bmiprd1_ora_10814452_20231223150908407872143795.aud
./bmiprd1_ora_10814462_20231224030006317475143795.aud
./bmiprd1_ora_11075844_20231223215306257041143795.aud
./bmiprd1_ora_11075846_20231224050318855361143795.aud
./bmiprd1_ora_11075848_20231223200650941612143795.aud
./bmiprd1_ora_11075902_20231223224623234215143795.aud
./bmiprd1_ora_11075912_20231224002203099583143795.aud
./bmiprd1_ora_11075936_20231223202806770187143795.aud
./bmiprd1_ora_11075938_20231224015737088816143795.aud
./bmiprd1_ora_11075964_20231224035421749265143795.aud
./bmiprd1_ora_11075984_20231223232855349160143795.aud
./bmiprd1_ora_11075986_20231224012028498727143795.aud
./bmiprd1_ora_11076002_20231224014700218001143795.aud
./bmiprd1_ora_11076012_20231223201729323723143795.aud
./bmiprd1_ora_11076022_20231224000050236079143795.aud
./bmiprd1_ora_11076028_20231223230739479783143795.aud
./bmiprd1_ora_11076032_20231223231258123570143795.aud
./bmiprd1_ora_11076092_20231224024523487129143795.aud
./bmiprd1_ora_11272204_20231223183626467578143795.aud
./bmiprd1_ora_11272258_20231223064920218911143795.aud
./bmiprd1_ora_11272258_20231223191340343888143795.aud
./bmiprd1_ora_11272302_20231223081427928504143795.aud
./bmiprd1_ora_11272308_20231223070006133093143795.aud
./bmiprd1_ora_11272322_20231223084450780476143795.aud
./bmiprd1_ora_11272330_20231223174319253963143795.aud
./bmiprd1_ora_11272332_20231223190820046610143795.aud
./bmiprd1_ora_11272354_20231223093910101578143795.aud
./bmiprd1_ora_11272356_20231223132250586018143795.aud
./bmiprd1_ora_11272428_20231223071556061595143795.aud
./bmiprd1_ora_11272434_20231223084102166743143795.aud
./bmiprd1_ora_11337984_20231223085139934198143795.aud
./bmiprd1_ora_11337990_20231223061727364920143795.aud
./bmiprd1_ora_11337992_20231223063841817573143795.aud
./bmiprd1_ora_11338000_20231223204402266472143795.aud
./bmiprd1_ora_11338008_20231223165006906991143795.aud
./bmiprd1_ora_11338074_20231223091257099735143795.aud
./bmiprd1_ora_11338080_20231223231258128369143795.aud
./bmiprd1_ora_11338082_20231223092854550830143795.aud
./bmiprd1_ora_11338102_20231223164448567573143795.aud
./bmiprd1_ora_11338112_20231223182548815466143795.aud
./bmiprd1_ora_11338120_20231223184703469803143795.aud
./bmiprd1_ora_11338142_20231223193456688591143795.aud
./bmiprd1_ora_11338190_20231223205439085358143795.aud
./bmiprd1_ora_11338204_20231223065439136373143795.aud
./bmiprd1_ora_11338206_20231223184145260115143795.aud
./bmiprd1_ora_11338214_20231223234452011753143795.aud
./bmiprd1_ora_11338216_20231223070517723017143795.aud
./bmiprd1_ora_11730952_20231224053609084843143795.aud
./bmiprd1_ora_11730962_20231224035940069584143795.aud
./bmiprd1_ora_11731034_20231223060650215546143795.aud
./bmiprd1_ora_11731038_20231224000049849058143795.aud
./bmiprd1_ora_11731046_20231223071036759321143795.aud
./bmiprd1_ora_11731060_20231224045241232318143795.aud
./bmiprd1_ora_11731080_20231224030217797071143795.aud
./bmiprd1_ora_11731100_20231224034904067381143795.aud
./bmiprd1_ora_11731102_20231223074751523509143795.aud
./bmiprd1_ora_11731136_20231223062804494286143795.aud
./bmiprd1_ora_11731166_20231224005355613621143795.aud
./bmiprd1_ora_11731174_20231224001126152745143795.aud
./bmiprd1_ora_12058938_20231224014141741003143795.aud
./bmiprd1_ora_12059034_20231224005355606387143795.aud
./bmiprd1_ora_12321542_20231223112035080362143795.aud
./bmiprd1_ora_12321558_20231223073712796678143795.aud
./bmiprd1_ora_12321564_20231223231817726410143795.aud
./bmiprd1_ora_12321582_20231223090217199691143795.aud
./bmiprd1_ora_12321586_20231223071555632501143795.aud
./bmiprd1_ora_12321592_20231224054128040287143795.aud
./bmiprd1_ora_12321594_20231223130134552522143795.aud
./bmiprd1_ora_12321598_20231224050838117681143795.aud
./bmiprd1_ora_12321604_20231224030001249414143795.aud
./bmiprd1_ora_12321606_20231223102725372800143795.aud
./bmiprd1_ora_12321618_20231224020816994729143795.aud
./bmiprd1_ora_12321630_20231223231258525895143795.aud
./bmiprd1_ora_12321634_20231224010951635405143795.aud
./bmiprd1_ora_12321648_20231224014141346840143795.aud
./bmiprd1_ora_12321676_20231224053050463819143795.aud
./bmiprd1_ora_12321686_20231223083843678012143795.aud
./bmiprd1_ora_12321692_20231223213710123603143795.aud
./bmiprd1_ora_12321694_20231223083025053669143795.aud
./bmiprd1_ora_12321698_20231224011510329165143795.aud
./bmiprd1_ora_12321724_20231223085139544245143795.aud
./bmiprd1_ora_12321724_20231224044723060586143795.aud
./bmiprd1_ora_12321730_20231224040458034093143795.aud
./bmiprd1_ora_12321748_20231223150001040374143795.aud
./bmiprd1_ora_12321748_20231224024523480893143795.aud
./bmiprd1_ora_12321750_20231223225142083794143795.aud
./bmiprd1_ora_12321758_20231223081428336959143795.aud
./bmiprd1_ora_12321766_20231224044205499501143795.aud
./bmiprd1_ora_12321774_20231223125616051919143795.aud
./bmiprd1_ora_12321780_20231223132809909669143795.aud
./bmiprd1_ora_12321788_20231223091153401893143795.aud
./bmiprd1_ora_12386844_20231223203843942212143795.aud
./bmiprd1_ora_12386868_20231223073713169234143795.aud
./bmiprd1_ora_12386964_20231223204920985557143795.aud
./bmiprd1_ora_12386982_20231223230220353182143795.aud
./bmiprd1_ora_12648458_20231223082505971266143795.aud
./bmiprd1_ora_12648474_20231224031713643541143795.aud
./bmiprd1_ora_12648506_20231223185222123107143795.aud
./bmiprd1_ora_12648518_20231223192937196651143795.aud
./bmiprd1_ora_12648678_20231224041534605026143795.aud
./bmiprd1_ora_12648986_20231223160218784090143795.aud
./bmiprd1_ora_12649008_20231223150001089774143795.aud
./bmiprd1_ora_12649042_20231223134406126595143795.aud
./bmiprd1_ora_12649060_20231223140520817675143795.aud
./bmiprd1_ora_12649066_20231224035422282928143795.aud
./bmiprd1_ora_12649148_20231223144750831436143795.aud
./bmiprd1_ora_12649158_20231223163929540202143795.aud
./bmiprd1_ora_12649168_20231223161255414667143795.aud
./bmiprd1_ora_12649184_20231224055204214118143795.aud
./bmiprd1_ora_12649186_20231223153544769122143795.aud
./bmiprd1_ora_12714512_20231223091122621767143795.aud
./bmiprd1_ora_12714522_20231224055722087271143795.aud
./bmiprd1_ora_12714532_20231223232335999053143795.aud
./bmiprd1_ora_12714538_20231223234452019037143795.aud
./bmiprd1_ora_12714542_20231224003239524245143795.aud
./bmiprd1_ora_12714564_20231224042610385475143795.aud
./bmiprd1_ora_12714572_20231223083025046533143795.aud
./bmiprd1_ora_12714574_20231223223545396369143795.aud
./bmiprd1_ora_12714582_20231223103244402600143795.aud
./bmiprd1_ora_12714614_20231224052533236911143795.aud
./bmiprd1_ora_12714630_20231223070038748986143795.aud
./bmiprd1_ora_12714632_20231223131732035548143795.aud
./bmiprd1_ora_12714680_20231223223026178990143795.aud
./bmiprd1_ora_12714686_20231223075829887635143795.aud
./bmiprd1_ora_12714690_20231223141558975306143795.aud
./bmiprd1_ora_12714692_20231224041016095730143795.aud
./bmiprd1_ora_12714712_20231223114150873952143795.aud
./bmiprd1_ora_12714716_20231223204920598046143795.aud
./bmiprd1_ora_12714728_20231223122421359611143795.aud
./bmiprd1_ora_12714730_20231223095012065928143795.aud
./bmiprd1_ora_12714732_20231223150008394584143795.aud
./bmiprd1_ora_12714732_20231223210516562660143795.aud
./bmiprd1_ora_12714736_20231224050005101495143795.aud
./bmiprd1_ora_12714742_20231223134924631497143795.aud
./bmiprd1_ora_12714742_20231223235011786443143795.aud
./bmiprd1_ora_12780294_20231223162851996807143795.aud
./bmiprd1_ora_12780298_20231223114150504086143795.aud
./bmiprd1_ora_12780300_20231223085658124188143795.aud
./bmiprd1_ora_12780316_20231223190300362381143795.aud
./bmiprd1_ora_12780316_20231224002202730085143795.aud
./bmiprd1_ora_12780324_20231223105401777565143795.aud
./bmiprd1_ora_12780352_20231223231817324524143795.aud
./bmiprd1_ora_12780366_20231223091816478653143795.aud
./bmiprd1_ora_12780372_20231223061208791035143795.aud
./bmiprd1_ora_12780372_20231224022404713790143795.aud
./bmiprd1_ora_12780384_20231223125056926775143795.aud
./bmiprd1_ora_12780394_20231223211554787795143795.aud
./bmiprd1_ora_12780398_20231223155659914018143795.aud
./bmiprd1_ora_12780410_20231223154622874929143795.aud
./bmiprd1_ora_12780414_20231223121902839327143795.aud
./bmiprd1_ora_12780432_20231223104324419038143795.aud
./bmiprd1_ora_12780444_20231223212113333714143795.aud
./bmiprd1_ora_12780446_20231223165525676262143795.aud
./bmiprd1_ora_12780448_20231223105920405919143795.aud
./bmiprd1_ora_12780452_20231224010951628651143795.aud
./bmiprd1_ora_12780458_20231223220344302030143795.aud
./bmiprd1_ora_12780458_20231223221422973908143795.aud
./bmiprd1_ora_12780474_20231224014141342011143795.aud
./bmiprd1_ora_12780476_20231223210005010725143795.aud
./bmiprd1_ora_12780480_20231223192418126283143795.aud
./bmiprd1_ora_12780482_20231223233932946041143795.aud
./bmiprd1_ora_12780486_20231223083543942909143795.aud
./bmiprd1_ora_12780488_20231223183625755541143795.aud
./bmiprd1_ora_12780506_20231224020817001547143795.aud
./bmiprd1_ora_12780518_20231223070025694340143795.aud
./bmiprd1_ora_12780522_20231223215825638458143795.aud
./bmiprd1_ora_12780526_20231223174838332831143795.aud
./bmiprd1_ora_13304696_20231223190300816440143795.aud
./bmiprd1_ora_13304766_20231223192417747402143795.aud
./bmiprd1_ora_13304776_20231223194015823957143795.aud
./bmiprd1_ora_13304776_20231223210516954130143795.aud
./bmiprd1_ora_13304778_20231223185222501176143795.aud
./bmiprd1_ora_13304794_20231223185741446203143795.aud
./bmiprd1_ora_13369616_20231223073152262565143795.aud
./bmiprd1_ora_13369654_20231223142635633109143795.aud
./bmiprd1_ora_13369658_20231223163410232380143795.aud
./bmiprd1_ora_13369676_20231223105920398697143795.aud
./bmiprd1_ora_13369694_20231223195613195058143795.aud
./bmiprd1_ora_13369736_20231223171125267448143795.aud
./bmiprd1_ora_13369746_20231223192417740339143795.aud
./bmiprd1_ora_13369754_20231223160218786086143795.aud
./bmiprd1_ora_13369778_20231223174838340750143795.aud
./bmiprd1_ora_13369784_20231223190004636636143795.aud
./bmiprd1_ora_13369840_20231223080349799271143795.aud
./bmiprd1_ora_13434880_20231223115228306049143795.aud
./bmiprd1_ora_13434910_20231223220344295945143795.aud
./bmiprd1_ora_13434912_20231223111516742262143795.aud
./bmiprd1_ora_13434962_20231223230004598177143795.aud
./bmiprd1_ora_13434968_20231223120825126335143795.aud
./bmiprd1_ora_13434984_20231223231817331729143795.aud
./bmiprd1_ora_13434992_20231223121902844121143795.aud
./bmiprd1_ora_13435030_20231223135443893236143795.aud
./bmiprd1_ora_13435044_20231223125615670082143795.aud
./bmiprd1_ora_13435060_20231223170045029770143795.aud
./bmiprd1_ora_13435070_20231223152506736329143795.aud
./bmiprd1_ora_13435114_20231223230739867030143795.aud
./bmiprd1_ora_13566210_20231223195612731444143795.aud
./bmiprd1_ora_13566214_20231223144750433879143795.aud
./bmiprd1_ora_13566252_20231223182549207106143795.aud
./bmiprd1_ora_13566268_20231223091257502811143795.aud
./bmiprd1_ora_13566270_20231223172721576868143795.aud
./bmiprd1_ora_13566324_20231223205439080972143795.aud
./bmiprd1_ora_13566442_20231223101646431430143795.aud
./bmiprd1_ora_13566444_20231223112553512833143795.aud
./bmiprd1_ora_14418450_20231223150349697769143795.aud
./bmiprd1_ora_14418460_20231223084102160250143795.aud
./bmiprd1_ora_14418492_20231224033309137017143795.aud
./bmiprd1_ora_14418506_20231223060131276292143795.aud
./bmiprd1_ora_14418512_20231223074232033423143795.aud
./bmiprd1_ora_14418522_20231224042052372633143795.aud
./bmiprd1_ora_14418526_20231224030004347016143795.aud
./bmiprd1_ora_14418530_20231224030118434993143795.aud
./bmiprd1_ora_14418546_20231224021854015349143795.aud
./bmiprd1_ora_14418552_20231223085139549931143795.aud
./bmiprd1_ora_14418584_20231223070039958870143795.aud
./bmiprd1_ora_14418590_20231223090004599449143795.aud
./bmiprd1_ora_14418598_20231224041016101827143795.aud
./bmiprd1_ora_14418634_20231223072633813845143795.aud
./bmiprd1_ora_14418636_20231223225700777432143795.aud
./bmiprd1_ora_14418640_20231224013105542880143795.aud
./bmiprd1_ora_14418646_20231223075311649397143795.aud
./bmiprd1_ora_14418656_20231224024523853261143795.aud
./bmiprd1_ora_14418684_20231224022412536108143795.aud
./bmiprd1_ora_15270400_20231223093933821450143795.aud
./bmiprd1_ora_15270404_20231223110009651198143795.aud
./bmiprd1_ora_15270452_20231224022412143009143795.aud
./bmiprd1_ora_15270466_20231224042610392935143795.aud
./bmiprd1_ora_15270506_20231223213151032917143795.aud
./bmiprd1_ora_15270520_20231223082506370585143795.aud
./bmiprd1_ora_15270528_20231223235531388374143795.aud
./bmiprd1_ora_15270544_20231223220345055275143795.aud
./bmiprd1_ora_15270588_20231224001644584148143795.aud
./bmiprd1_ora_15270608_20231223090010088801143795.aud
./bmiprd1_ora_15270626_20231224031155427615143795.aud
./bmiprd1_ora_15270634_20231224031203822567143795.aud
./bmiprd1_ora_15270644_20231223090217592918143795.aud
./bmiprd1_ora_15401278_20231223130654088910143795.aud
./bmiprd1_ora_15401306_20231223142635626014143795.aud
./bmiprd1_ora_15401308_20231223083848311939143795.aud
./bmiprd1_ora_15401328_20231223103803543459143795.aud
./bmiprd1_ora_15401352_20231223104324425756143795.aud
./bmiprd1_ora_15401354_20231223114709906359143795.aud
./bmiprd1_ora_15401364_20231223105920816881143795.aud
./bmiprd1_ora_15401374_20231223110439367965143795.aud
./bmiprd1_ora_15401384_20231223205439462209143795.aud
./bmiprd1_ora_15401414_20231224051500290851143795.aud
./bmiprd1_ora_15401426_20231223230219928309143795.aud
./bmiprd1_ora_15401448_20231223135443486036143795.aud
./bmiprd1_ora_15401460_20231224045759628135143795.aud
./bmiprd1_ora_15532288_20231224020259547677143795.aud
./bmiprd1_ora_15532316_20231223111516736190143795.aud
./bmiprd1_ora_15532316_20231224001126151088143795.aud
./bmiprd1_ora_15532344_20231224040458025987143795.aud
./bmiprd1_ora_15532350_20231224030000983683143795.aud
./bmiprd1_ora_15532352_20231224030004923312143795.aud
./bmiprd1_ora_15532392_20231223070048702952143795.aud
./bmiprd1_ora_15532404_20231223063841811494143795.aud
./bmiprd1_ora_15532404_20231223224623631150143795.aud
./bmiprd1_ora_15532428_20231223105402126789143795.aud
./bmiprd1_ora_15532440_20231223071009178597143795.aud
./bmiprd1_ora_15532460_20231223232854972790143795.aud
./bmiprd1_ora_15532466_20231223104843458391143795.aud
./bmiprd1_ora_15532476_20231223172202721884143795.aud
./bmiprd1_ora_15532476_20231223174319246501143795.aud
./bmiprd1_ora_15532478_20231223150000826016143795.aud
./bmiprd1_ora_15532484_20231223150004457222143795.aud
./bmiprd1_ora_15532498_20231223090010081496143795.aud
./bmiprd1_ora_15532526_20231223165006899333143795.aud
./bmiprd1_ora_15532536_20231223162332475351143795.aud
./bmiprd1_ora_15532540_20231223180953189862143795.aud
./bmiprd1_ora_15860238_20231224050010545600143795.aud
./bmiprd1_ora_15860246_20231223064401398990143795.aud
./bmiprd1_ora_15860254_20231224000049842146143795.aud
./bmiprd1_ora_15860260_20231224041534224002143795.aud
./bmiprd1_ora_15860276_20231223153025885061143795.aud
./bmiprd1_ora_15860288_20231223130653685410143795.aud
./bmiprd1_ora_15860298_20231223131212689268143795.aud
./bmiprd1_ora_15860306_20231223170603687843143795.aud
./bmiprd1_ora_15860312_20231223133847191073143795.aud
./bmiprd1_ora_15860312_20231224050318446532143795.aud
./bmiprd1_ora_15860318_20231224043128431797143795.aud
./bmiprd1_ora_15860334_20231224032232436928143795.aud
./bmiprd1_ora_15860340_20231224030636990391143795.aud
./bmiprd1_ora_15860356_20231223062245709071143795.aud
./bmiprd1_ora_15860356_20231223082505963363143795.aud
./bmiprd1_ora_15860376_20231223130134544683143795.aud
./bmiprd1_ora_15860380_20231223191339963920143795.aud
./bmiprd1_ora_15860384_20231223144232173151143795.aud
./bmiprd1_ora_15860412_20231223194015417299143795.aud
./bmiprd1_ora_15860418_20231223115228741185143795.aud
./bmiprd1_ora_15860436_20231223180434861238143795.aud
./bmiprd1_ora_15860450_20231223120824719735143795.aud
./bmiprd1_ora_16318730_20231224005914119506143795.aud
./bmiprd1_ora_16318746_20231223185222129498143795.aud
./bmiprd1_ora_16318750_20231223233414157238143795.aud
./bmiprd1_ora_16318752_20231223193455965326143795.aud
./bmiprd1_ora_16318758_20231223191858582093143795.aud
./bmiprd1_ora_16318768_20231223194534613798143795.aud
./bmiprd1_ora_16318776_20231224010010122329143795.aud
./bmiprd1_ora_16318784_20231224031713651476143795.aud
./bmiprd1_ora_16318790_20231223220903745282143795.aud
./bmiprd1_ora_16318794_20231223232854977236143795.aud
./bmiprd1_ora_16318798_20231224025600056660143795.aud
./bmiprd1_ora_16318800_20231224022930176499143795.aud
./bmiprd1_ora_16318820_20231223200131857613143795.aud
./bmiprd1_ora_16318836_20231224050838504335143795.aud
./bmiprd1_ora_16318838_20231223181511695345143795.aud
./bmiprd1_ora_16318864_20231224023447466951143795.aud
./bmiprd1_ora_16318880_20231223175357747601143795.aud
./bmiprd1_ora_16318886_20231224030001351924143795.aud
./bmiprd1_ora_16318890_20231224030007917520143795.aud
./bmiprd1_ora_16318894_20231223201209879673143795.aud
./bmiprd1_ora_16318898_20231224003758819346143795.aud
./bmiprd1_ora_16318952_20231224024005650953143795.aud
./bmiprd1_ora_16449798_20231223233413785424143795.aud
./bmiprd1_ora_16449804_20231223143713168375143795.aud
./bmiprd1_ora_16449820_20231223102725738282143795.aud
./bmiprd1_ora_16449830_20231223184703463649143795.aud
./bmiprd1_ora_16449834_20231223152506729449143795.aud
./bmiprd1_ora_16449858_20231223183625762510143795.aud
./bmiprd1_ora_16449872_20231223104843086950143795.aud
./bmiprd1_ora_16449878_20231223175916819752143795.aud
./bmiprd1_ora_16449922_20231223225142090740143795.aud
./bmiprd1_ora_16449936_20231223182548810382143795.aud
./bmiprd1_ora_16449940_20231223132809547745143795.aud
./bmiprd1_ora_16449942_20231223173800736688143795.aud
./bmiprd1_ora_16449974_20231223092854550071143795.aud
./bmiprd1_ora_16449974_20231223170044662945143795.aud
./bmiprd1_ora_16449996_20231223100607667211143795.aud
./bmiprd1_ora_16450020_20231223145310901689143795.aud
./bmiprd1_ora_16450030_20231223131732042392143795.aud
./bmiprd1_ora_17039366_20231223080350207910143795.aud
./bmiprd1_ora_17039372_20231223063323352925143795.aud
./bmiprd1_ora_17039378_20231223213151410125143795.aud
./bmiprd1_ora_17039388_20231224030007928461143795.aud
./bmiprd1_ora_17039390_20231223150908414317143795.aud
./bmiprd1_ora_17039392_20231223083939783993143795.aud
./bmiprd1_ora_17039400_20231223162851625603143795.aud
./bmiprd1_ora_17039414_20231223075311265312143795.aud
./bmiprd1_ora_17039440_20231223070025948478143795.aud
./bmiprd1_ora_17039444_20231223152507099091143795.aud
./bmiprd1_ora_17039464_20231224020259168222143795.aud
./bmiprd1_ora_17039480_20231224043128424450143795.aud
./bmiprd1_ora_17039528_20231223190004453596143795.aud
./bmiprd1_ora_17039546_20231224044205125239143795.aud
./bmiprd1_ora_17039552_20231223170008082254143795.aud
./bmiprd1_ora_17039554_20231223215306655016143795.aud
./bmiprd1_ora_17039558_20231223061209210288143795.aud
./bmiprd1_ora_17039564_20231224022412150466143795.aud
./bmiprd1_ora_17039582_20231223182030317551143795.aud
./bmiprd1_ora_17236344_20231223201728958109143795.aud
./bmiprd1_ora_17236346_20231223204402260444143795.aud
./bmiprd1_ora_17236350_20231223214228970731143795.aud
./bmiprd1_ora_17236396_20231223215825159070143795.aud
./bmiprd1_ora_17498116_20231224045241655231143795.aud
./bmiprd1_ora_17498118_20231224051500287046143795.aud
./bmiprd1_ora_17498142_20231224050838128001143795.aud
./bmiprd1_ora_17498154_20231223232335991074143795.aud
./bmiprd1_ora_17498158_20231223122940290432143795.aud
./bmiprd1_ora_17498166_20231223084621284775143795.aud
./bmiprd1_ora_17498184_20231223145830148147143795.aud
./bmiprd1_ora_17498196_20231223065957893328143795.aud
./bmiprd1_ora_17498212_20231223070010735919143795.aud
./bmiprd1_ora_17498212_20231223182029939188143795.aud
./bmiprd1_ora_17498214_20231223133847584211143795.aud
./bmiprd1_ora_17498214_20231223141558594232143795.aud
./bmiprd1_ora_17498230_20231223154103859337143795.aud
./bmiprd1_ora_17498232_20231223102206364181143795.aud
./bmiprd1_ora_17498232_20231223150004704860143795.aud
./bmiprd1_ora_17498252_20231223170004146626143795.aud
./bmiprd1_ora_17498266_20231223175357352191143795.aud
./bmiprd1_ora_17498286_20231224030001298138143795.aud
./bmiprd1_ora_17498290_20231223062804082496143795.aud
./bmiprd1_ora_17498316_20231223170604026847143795.aud
./bmiprd1_ora_17498340_20231223235531396622143795.aud
./bmiprd1_ora_17498352_20231223084310544974143795.aud
./bmiprd1_ora_17498362_20231223100607660258143795.aud
./bmiprd1_ora_17498364_20231224004835559636143795.aud
./bmiprd1_ora_18284846_20231223075311267887143795.aud
./bmiprd1_ora_18284854_20231223104843083096143795.aud
./bmiprd1_ora_18284860_20231223073712791321143795.aud
./bmiprd1_ora_18284878_20231223194015424979143795.aud
./bmiprd1_ora_18284884_20231223112035487944143795.aud
./bmiprd1_ora_18284938_20231223080909174751143795.aud
./bmiprd1_ora_18284942_20231223070518139212143795.aud
./bmiprd1_ora_18284942_20231223114709910766143795.aud
./bmiprd1_ora_18284964_20231223122939898076143795.aud
./bmiprd1_ora_18285008_20231223081947084985143795.aud
./bmiprd1_ora_18285012_20231223105401782956143795.aud
./bmiprd1_ora_18285024_20231223133847183437143795.aud
./bmiprd1_ora_18285046_20231223071037215418143795.aud
./bmiprd1_ora_18350366_20231223213709752135143795.aud
./bmiprd1_ora_18350368_20231224050010544162143795.aud
./bmiprd1_ora_18350396_20231224005356026594143795.aud
./bmiprd1_ora_18350450_20231224031714020078143795.aud
./bmiprd1_ora_18350510_20231224045800045640143795.aud
./bmiprd1_ora_18350512_20231223203844339369143795.aud
./bmiprd1_ora_18350566_20231223072114444182143795.aud
./bmiprd1_ora_18350574_20231224000607824464143795.aud
./bmiprd1_ora_18350578_20231223070037343848143795.aud
./bmiprd1_ora_18481418_20231223173800362141143795.aud
./bmiprd1_ora_18481426_20231224044205130700143795.aud
./bmiprd1_ora_18481434_20231223074232026571143795.aud
./bmiprd1_ora_18481440_20231223221942399004143795.aud
./bmiprd1_ora_18481442_20231223080909566065143795.aud
./bmiprd1_ora_18481446_20231223112035086047143795.aud
./bmiprd1_ora_18481458_20231223103244412058143795.aud
./bmiprd1_ora_18481480_20231223225700769978143795.aud
./bmiprd1_ora_18481484_20231224024005655652143795.aud
./bmiprd1_ora_18481488_20231223070039949334143795.aud
./bmiprd1_ora_18481492_20231223214228588903143795.aud
./bmiprd1_ora_18481496_20231223110958331259143795.aud
./bmiprd1_ora_18481514_20231223142117079459143795.aud
./bmiprd1_ora_18481532_20231223224103573412143795.aud
./bmiprd1_ora_18481542_20231224052533615407143795.aud
./bmiprd1_ora_18481550_20231223143154462722143795.aud
./bmiprd1_ora_18481564_20231223063323358703143795.aud
./bmiprd1_ora_18481572_20231223154103864114143795.aud
./bmiprd1_ora_18481598_20231223205958323687143795.aud
./bmiprd1_ora_18481600_20231223223026666179143795.aud
./bmiprd1_ora_18481616_20231223202247644356143795.aud
./bmiprd1_ora_18481618_20231224044723062211143795.aud
./bmiprd1_ora_18481646_20231224050318452723143795.aud
./bmiprd1_ora_18481648_20231223104324827514143795.aud
./bmiprd1_ora_18481652_20231223191858575424143795.aud
./bmiprd1_ora_18481656_20231223190819734001143795.aud
./bmiprd1_ora_18481660_20231223060130889394143795.aud
./bmiprd1_ora_20381952_20231223065438741363143795.aud
./bmiprd1_ora_20381970_20231223194534980588143795.aud
./bmiprd1_ora_20381988_20231223134405741815143795.aud
./bmiprd1_ora_20382006_20231223180953185053143795.aud
./bmiprd1_ora_20382008_20231223090110120511143795.aud
./bmiprd1_ora_20382014_20231223093414549485143795.aud
./bmiprd1_ora_20382020_20231223060130882686143795.aud
./bmiprd1_ora_20382028_20231223070026466226143795.aud
./bmiprd1_ora_20382054_20231223155659918051143795.aud
./bmiprd1_ora_20382062_20231223172203131645143795.aud
./bmiprd1_ora_20382070_20231223074232406134143795.aud
./bmiprd1_ora_20382114_20231223195054047694143795.aud
./bmiprd1_ora_20382172_20231223172722001270143795.aud
./bmiprd1_ora_20382178_20231223060649826075143795.aud
./bmiprd1_ora_20382200_20231223190819713920143795.aud
./bmiprd1_ora_22282246_20231223233413779773143795.aud
./bmiprd1_ora_22282372_20231223233932543367143795.aud
./bmiprd1_ora_22282374_20231223071036753978143795.aud
./bmiprd1_ora_22282428_20231224054127656857143795.aud
./bmiprd1_ora_22413332_20231224004317005998143795.aud
./bmiprd1_ora_22413350_20231223110004720033143795.aud
./bmiprd1_ora_22413376_20231223092854928006143795.aud
./bmiprd1_ora_22413402_20231223211035791878143795.aud
./bmiprd1_ora_22413436_20231223091257096184143795.aud
./bmiprd1_ora_22413436_20231223131213066296143795.aud
./bmiprd1_ora_22413454_20231223204920591596143795.aud
./bmiprd1_ora_22413524_20231223201209885259143795.aud
./bmiprd1_ora_22413534_20231223113112751296143795.aud
./bmiprd1_ora_22413534_20231224011510717968143795.aud
./bmiprd1_ora_23265288_20231223235531792170143795.aud
./bmiprd1_ora_23265460_20231224001644577965143795.aud
./bmiprd1_ora_26476544_20231223170004289567143795.aud
./bmiprd1_ora_26476544_20231223180435236939143795.aud
./bmiprd1_ora_26476584_20231224021335394856143795.aud
./bmiprd1_ora_26476586_20231223064920213690143795.aud
./bmiprd1_ora_26476596_20231224013105141883143795.aud
./bmiprd1_ora_26476600_20231223212632625991143795.aud
./bmiprd1_ora_26476602_20231223154623250778143795.aud
./bmiprd1_ora_26476604_20231223083945128567143795.aud
./bmiprd1_ora_26476612_20231224054645864827143795.aud
./bmiprd1_ora_26476622_20231223202806379195143795.aud
./bmiprd1_ora_26476636_20231223183107730621143795.aud
./bmiprd1_ora_26476636_20231224032750591330143795.aud
./bmiprd1_ora_26476642_20231223151948082447143795.aud
./bmiprd1_ora_26476656_20231223110439755423143795.aud
./bmiprd1_ora_26476666_20231223192936813581143795.aud
./bmiprd1_ora_26476678_20231223063842522572143795.aud
./bmiprd1_ora_26476690_20231223150000774058143795.aud
./bmiprd1_ora_26476698_20231223212113341010143795.aud
./bmiprd1_ora_26476732_20231224030000933147143795.aud
./bmiprd1_ora_26476754_20231223114150497843143795.aud
./bmiprd1_ora_26476754_20231223173240902415143795.aud
./bmiprd1_ora_26476758_20231223211035420661143795.aud
./bmiprd1_ora_26476762_20231223085233048543143795.aud
./bmiprd1_ora_26476770_20231224035940440039143795.aud
./bmiprd1_ora_26476772_20231223101646781681143795.aud
./bmiprd1_ora_26476796_20231223061727356009143795.aud
./bmiprd1_ora_26476798_20231224030118426718143795.aud
./bmiprd1_ora_2687490_20231224021335401943143795.aud
./bmiprd1_ora_2687502_20231223065957885875143795.aud
./bmiprd1_ora_2687606_20231224042052377731143795.aud
./bmiprd1_ora_2687614_20231223070517728952143795.aud
./bmiprd1_ora_2687656_20231224033827432681143795.aud
./bmiprd1_ora_2687714_20231224005914527722143795.aud
./bmiprd1_ora_2687724_20231224032232039690143795.aud
./bmiprd1_ora_28966964_20231223095530443143143795.aud
./bmiprd1_ora_28967044_20231223095011653885143795.aud
./bmiprd1_ora_28967142_20231223084620891541143795.aud
./bmiprd1_ora_28967154_20231223183107344981143795.aud
./bmiprd1_ora_28967162_20231223185741436728143795.aud
./bmiprd1_ora_29032476_20231224022930190430143795.aud
./bmiprd1_ora_29032504_20231223124018534656143795.aud
./bmiprd1_ora_29032510_20231223120306061947143795.aud
./bmiprd1_ora_29032524_20231223083852378144143795.aud
./bmiprd1_ora_29032540_20231223202806386252143795.aud
./bmiprd1_ora_29032542_20231223101127965495143795.aud
./bmiprd1_ora_29032550_20231223080349793885143795.aud
./bmiprd1_ora_29032556_20231223100049038659143795.aud
./bmiprd1_ora_29032568_20231223205957919374143795.aud
./bmiprd1_ora_29032604_20231223122421367889143795.aud
./bmiprd1_ora_29032622_20231223145311460042143795.aud
./bmiprd1_ora_29032632_20231223143154837282143795.aud
./bmiprd1_ora_29032638_20231223103244801637143795.aud
./bmiprd1_ora_29032642_20231223140002126867143795.aud
./bmiprd1_ora_29032650_20231224023447474298143795.aud
./bmiprd1_ora_29032674_20231223201728966104143795.aud
./bmiprd1_ora_29032676_20231223223545007660143795.aud
./bmiprd1_ora_29032684_20231224004835931918143795.aud
./bmiprd1_ora_29032690_20231223153544753628143795.aud
./bmiprd1_ora_29032692_20231224030219951123143795.aud
./bmiprd1_ora_29032698_20231223203325615693143795.aud
./bmiprd1_ora_29294610_20231223212632235427143795.aud
./bmiprd1_ora_29294620_20231223214747692059143795.aud
./bmiprd1_ora_29294626_20231223221423403059143795.aud
./bmiprd1_ora_29294644_20231223203843935937143795.aud
./bmiprd1_ora_29294660_20231223222506344758143795.aud
./bmiprd1_ora_29294738_20231223225142497283143795.aud
./bmiprd1_ora_29294744_20231223221942915161143795.aud
./bmiprd1_ora_31064068_20231224015219241734143795.aud
./bmiprd1_ora_31064072_20231223140521170739143795.aud
./bmiprd1_ora_31064076_20231223084445019996143795.aud
./bmiprd1_ora_31064106_20231223181511689829143795.aud
./bmiprd1_ora_31064138_20231224043128837763143795.aud
./bmiprd1_ora_31064152_20231223094452633683143795.aud
./bmiprd1_ora_31064202_20231224055204587647143795.aud
./bmiprd1_ora_31064204_20231223150909733761143795.aud
./bmiprd1_ora_31064222_20231224013622770824143795.aud
./bmiprd1_ora_31064248_20231224010005491647143795.aud
./bmiprd1_ora_31064254_20231223143713575339143795.aud
./bmiprd1_ora_31064270_20231224021335886253143795.aud
./bmiprd1_ora_31064272_20231224030118821319143795.aud
./bmiprd1_ora_31064306_20231223160736911302143795.aud
./bmiprd1_ora_3146572_20231224030004675353143795.aud
./bmiprd1_ora_3146578_20231223125057315571143795.aud
./bmiprd1_ora_3146612_20231223124537881010143795.aud
./bmiprd1_ora_3146640_20231224033309694335143795.aud
./bmiprd1_ora_3146648_20231223150006994573143795.aud
./bmiprd1_ora_3146690_20231223174838748447143795.aud
./bmiprd1_ora_3146698_20231223171643885591143795.aud
./bmiprd1_ora_3146714_20231223142636031909143795.aud
./bmiprd1_ora_3146716_20231224025600050255143795.aud
./bmiprd1_ora_3146744_20231223113631190353143795.aud
./bmiprd1_ora_31588356_20231223095530448208143795.aud
./bmiprd1_ora_31588360_20231224012614288842143795.aud
./bmiprd1_ora_31588378_20231223150003958959143795.aud
./bmiprd1_ora_31588380_20231223184144866071143795.aud
./bmiprd1_ora_31588380_20231223211035415203143795.aud
./bmiprd1_ora_31588394_20231224033827439946143795.aud
./bmiprd1_ora_31588448_20231224010432722732143795.aud
./bmiprd1_ora_31588470_20231223235012157418143795.aud
./bmiprd1_ora_31588484_20231223064400852002143795.aud
./bmiprd1_ora_31588532_20231223203325228646143795.aud
./bmiprd1_ora_31588554_20231223181512081570143795.aud
./bmiprd1_ora_31588556_20231223123500208097143795.aud
./bmiprd1_ora_31588556_20231224010005624471143795.aud
./bmiprd1_ora_31588562_20231223205957924664143795.aud
./bmiprd1_ora_31588566_20231223112553906180143795.aud
./bmiprd1_ora_31588574_20231223210008507384143795.aud
./bmiprd1_ora_31588580_20231223070037540557143795.aud
./bmiprd1_ora_31588592_20231223165526068154143795.aud
./bmiprd1_ora_31588592_20231223172721581773143795.aud
./bmiprd1_ora_31588596_20231223110957963225143795.aud
./bmiprd1_ora_31588602_20231224003239529319143795.aud
./bmiprd1_ora_31981568_20231223140002497045143795.aud
./bmiprd1_ora_31981600_20231223101646430340143795.aud
./bmiprd1_ora_31981606_20231224013622765221143795.aud
./bmiprd1_ora_31981612_20231224031203813567143795.aud
./bmiprd1_ora_31981640_20231223141039943499143795.aud
./bmiprd1_ora_31981700_20231223143713176346143795.aud
./bmiprd1_ora_31981712_20231223171644267331143795.aud
./bmiprd1_ora_31981726_20231223150000725020143795.aud
./bmiprd1_ora_31981760_20231223092335335736143795.aud
./bmiprd1_ora_31981760_20231223164448135452143795.aud
./bmiprd1_ora_31981762_20231224002720881339143795.aud
./bmiprd1_ora_31981770_20231223091816054995143795.aud
./bmiprd1_ora_31981792_20231223095530867008143795.aud
./bmiprd1_ora_31981802_20231224014700225187143795.aud
./bmiprd1_ora_31981804_20231224015741209558143795.aud
./bmiprd1_ora_3211820_20231223212113728933143795.aud
./bmiprd1_ora_3211826_20231223115747321984143795.aud
./bmiprd1_ora_3211832_20231223224103581123143795.aud
./bmiprd1_ora_3211836_20231223171124878016143795.aud
./bmiprd1_ora_3211854_20231223081946684542143795.aud
./bmiprd1_ora_3211872_20231223070044140038143795.aud
./bmiprd1_ora_3211882_20231223153026269127143795.aud
./bmiprd1_ora_3211914_20231223093934208997143795.aud
./bmiprd1_ora_3211916_20231223161814271193143795.aud
./bmiprd1_ora_3211922_20231223120824724830143795.aud
./bmiprd1_ora_3211930_20231224050004962690143795.aud
./bmiprd1_ora_3212010_20231223182029933530143795.aud
./bmiprd1_ora_3212010_20231223212632228682143795.aud
./bmiprd1_ora_3212026_20231223064920601074143795.aud
./bmiprd1_ora_3212026_20231223235011792756143795.aud
./bmiprd1_ora_3212028_20231223083916272250143795.aud
./bmiprd1_ora_4260354_20231223112553505045143795.aud
./bmiprd1_ora_4260406_20231223072114837387143795.aud
./bmiprd1_ora_4260414_20231223093414915186143795.aud
./bmiprd1_ora_4260422_20231223113631639236143795.aud
./bmiprd1_ora_4260450_20231223083025509411143795.aud
./bmiprd1_ora_4260506_20231223092335341810143795.aud
./bmiprd1_ora_4260516_20231223090736382691143795.aud
./bmiprd1_ora_4260524_20231223083848784442143795.aud
./bmiprd1_ora_4260544_20231223111517110918143795.aud
./bmiprd1_ora_4260562_20231223080909181266143795.aud
./bmiprd1_ora_4260578_20231223100911096376143795.aud
./bmiprd1_ora_5308548_20231223075829879497143795.aud
./bmiprd1_ora_5308586_20231223071555641189143795.aud
./bmiprd1_ora_5767696_20231223100049415360143795.aud
./bmiprd1_ora_5767702_20231223113112357228143795.aud
./bmiprd1_ora_5767752_20231223161813897596143795.aud
./bmiprd1_ora_5767754_20231223175357358640143795.aud
./bmiprd1_ora_5767788_20231223130653679115143795.aud
./bmiprd1_ora_5767802_20231223144750424930143795.aud
./bmiprd1_ora_5767806_20231223145310909864143795.aud
./bmiprd1_ora_5767822_20231223154622882124143795.aud
./bmiprd1_ora_5767826_20231223154104251043143795.aud
./bmiprd1_ora_5767828_20231223124018541098143795.aud
./bmiprd1_ora_5767848_20231223150349298129143795.aud
./bmiprd1_ora_5767858_20231223101127497449143795.aud
./bmiprd1_ora_5767906_20231223121903235978143795.aud
./bmiprd1_ora_5767918_20231223171124881056143795.aud
./bmiprd1_ora_6291712_20231223070035747985143795.aud
./bmiprd1_ora_6291734_20231224045759633805143795.aud
./bmiprd1_ora_6291756_20231224032751014880143795.aud
./bmiprd1_ora_6291802_20231223145830153847143795.aud
./bmiprd1_ora_6291804_20231223110957969843143795.aud
./bmiprd1_ora_6291804_20231224030001036053143795.aud
./bmiprd1_ora_6291810_20231224030006438296143795.aud
./bmiprd1_ora_6291844_20231223110004551647143795.aud
./bmiprd1_ora_6291846_20231223085503612915143795.aud
./bmiprd1_ora_6291854_20231223153025892019143795.aud
./bmiprd1_ora_6291860_20231223090736674288143795.aud
./bmiprd1_ora_6291890_20231224031203830206143795.aud
./bmiprd1_ora_6291896_20231224012028491183143795.aud
./bmiprd1_ora_6291898_20231223063323730909143795.aud
./bmiprd1_ora_6291916_20231223085658118760143795.aud
./bmiprd1_ora_6291928_20231223065958283234143795.aud
./bmiprd1_ora_6291932_20231223151428730865143795.aud
./bmiprd1_ora_6291936_20231223070013014554143795.aud
./bmiprd1_ora_6423054_20231223230009268604143795.aud
./bmiprd1_ora_6423062_20231223090217192551143795.aud
./bmiprd1_ora_6423082_20231223221942392842143795.aud
./bmiprd1_ora_6423100_20231223215825168214143795.aud
./bmiprd1_ora_6423132_20231223113631185305143795.aud
./bmiprd1_ora_6423152_20231223225701203563143795.aud
./bmiprd1_ora_6423160_20231223134405749446143795.aud
./bmiprd1_ora_6423180_20231223124537873050143795.aud
./bmiprd1_ora_6423212_20231223083543562643143795.aud
./bmiprd1_ora_6423212_20231223135443479769143795.aud
./bmiprd1_ora_6947336_20231223144231792904143795.aud
./bmiprd1_ora_6947336_20231223195054425236143795.aud
./bmiprd1_ora_6947352_20231224012546997585143795.aud
./bmiprd1_ora_6947370_20231224004317013871143795.aud
./bmiprd1_ora_6947382_20231223190300354100143795.aud
./bmiprd1_ora_6947394_20231224002202721975143795.aud
./bmiprd1_ora_6947400_20231224013623162774143795.aud
./bmiprd1_ora_6947404_20231223162332864121143795.aud
./bmiprd1_ora_6947414_20231223184144873507143795.aud
./bmiprd1_ora_6947426_20231224033309130256143795.aud
./bmiprd1_ora_6947428_20231223211554404089143795.aud
./bmiprd1_ora_6947456_20231224022401805489143795.aud
./bmiprd1_ora_6947466_20231223142117466695143795.aud
./bmiprd1_ora_6947470_20231223183107337928143795.aud
./bmiprd1_ora_6947480_20231223130005715711143795.aud
./bmiprd1_ora_6947484_20231223214747684770143795.aud
./bmiprd1_ora_6947504_20231223115228300174143795.aud
./bmiprd1_ora_6947512_20231223101127489242143795.aud
./bmiprd1_ora_6947540_20231223150001143571143795.aud
./bmiprd1_ora_6947544_20231223200651312303143795.aud
./bmiprd1_ora_6947550_20231223192936806419143795.aud
./bmiprd1_ora_6947552_20231223222505949154143795.aud
./bmiprd1_ora_6947556_20231223170603687157143795.aud
./bmiprd1_ora_7013126_20231224002720873292143795.aud
./bmiprd1_ora_7013164_20231223124538298222143795.aud
./bmiprd1_ora_7013170_20231224012546580244143795.aud
./bmiprd1_ora_7013176_20231223224103959843143795.aud
./bmiprd1_ora_7013198_20231223162851632523143795.aud
./bmiprd1_ora_7013202_20231223191858948509143795.aud
./bmiprd1_ora_7013222_20231223084620883758143795.aud
./bmiprd1_ora_7013234_20231223120306475501143795.aud
./bmiprd1_ora_7013236_20231223121343734512143795.aud
./bmiprd1_ora_7013238_20231223223026185011143795.aud
./bmiprd1_ora_7013248_20231223092335740019143795.aud
./bmiprd1_ora_7013252_20231223203325236846143795.aud
./bmiprd1_ora_7013260_20231223173800350802143795.aud
./bmiprd1_ora_7013262_20231223070007314140143795.aud
./bmiprd1_ora_7013262_20231224021854419215143795.aud
./bmiprd1_ora_7013270_20231223100608041074143795.aud
./bmiprd1_ora_7013282_20231223115747328507143795.aud
./bmiprd1_ora_7013288_20231223132251001609143795.aud
./bmiprd1_ora_7013294_20231223070048695935143795.aud
./bmiprd1_ora_7013302_20231224003239915469143795.aud
./bmiprd1_ora_7013314_20231223103803554287143795.aud
./bmiprd1_ora_7013314_20231223210516551369143795.aud
./bmiprd1_ora_7013316_20231223130021678108143795.aud
./bmiprd1_ora_7013320_20231223190009667737143795.aud
./bmiprd1_ora_7013372_20231223200131853417143795.aud
./bmiprd1_ora_7078400_20231223072114452373143795.aud
./bmiprd1_ora_7078512_20231223060015732118143795.aud
./bmiprd1_ora_7078520_20231223062246084085143795.aud
./bmiprd1_ora_7078562_20231223075830257748143795.aud
./bmiprd1_ora_7078624_20231223073152273053143795.aud
./bmiprd1_ora_7143426_20231223190009687854143795.aud
./bmiprd1_ora_7143466_20231223141040318653143795.aud
./bmiprd1_ora_7143502_20231224034345571986143795.aud
./bmiprd1_ora_7143546_20231223074751104012143795.aud
./bmiprd1_ora_7143556_20231224052017137197143795.aud
./bmiprd1_ora_7143568_20231223125056920275143795.aud
./bmiprd1_ora_7143582_20231224031155883337143795.aud
./bmiprd1_ora_7143588_20231223232336362635143795.aud
./bmiprd1_ora_7143590_20231223094452639750143795.aud
./bmiprd1_ora_7143602_20231223113112363279143795.aud
./bmiprd1_ora_7143618_20231223170044657916143795.aud
./bmiprd1_ora_7143630_20231223230009277031143795.aud
./bmiprd1_ora_7143646_20231223124019161913143795.aud
./bmiprd1_ora_7143648_20231223102206360423143795.aud
./bmiprd1_ora_7143654_20231224053609491727143795.aud
./bmiprd1_ora_7143666_20231224041016480272143795.aud
./bmiprd1_ora_7406338_20231224004835567247143795.aud
./bmiprd1_ora_7406356_20231223060022073868143795.aud
./bmiprd1_ora_7406402_20231223210008513023143795.aud
./bmiprd1_ora_7406426_20231223132250594412143795.aud
./bmiprd1_ora_7406438_20231223155700291459143795.aud
./bmiprd1_ora_7406440_20231224042610773188143795.aud
./bmiprd1_ora_7406444_20231224010433209197143795.aud
./bmiprd1_ora_7406450_20231223060649833426143795.aud
./bmiprd1_ora_7406452_20231224030004204880143795.aud
./bmiprd1_ora_7406462_20231223134924624244143795.aud
./bmiprd1_ora_7406478_20231223122939889655143795.aud
./bmiprd1_ora_7406478_20231223140520817362143795.aud
./bmiprd1_ora_7406496_20231223151947709911143795.aud
./bmiprd1_ora_7406510_20231223093933828078143795.aud
./bmiprd1_ora_7406514_20231224043647207362143795.aud
./bmiprd1_ora_7406526_20231223150003802226143795.aud
./bmiprd1_ora_7406526_20231223155141872119143795.aud
./bmiprd1_ora_7406530_20231223102206728330143795.aud
./bmiprd1_ora_7406532_20231223200650934207143795.aud
./bmiprd1_ora_7406538_20231223133328385566143795.aud
./bmiprd1_ora_7406548_20231223070038992054143795.aud
./bmiprd1_ora_7406550_20231224014700626320143795.aud
./bmiprd1_ora_7406570_20231223200132261254143795.aud
./bmiprd1_ora_7406580_20231223233932533325143795.aud
./bmiprd1_ora_7406584_20231223204402697068143795.aud
./bmiprd1_ora_7406588_20231223202248046820143795.aud
./bmiprd1_ora_7471372_20231224013105134236143795.aud
./bmiprd1_ora_7471384_20231224002721290816143795.aud
./bmiprd1_ora_7471398_20231224034903679164143795.aud
./bmiprd1_ora_7471424_20231224025041525600143795.aud
./bmiprd1_ora_7471438_20231223130021686525143795.aud
./bmiprd1_ora_7471476_20231223130134952272143795.aud
./bmiprd1_ora_7471478_20231223090113229096143795.aud
./bmiprd1_ora_7471494_20231223121343725960143795.aud
./bmiprd1_ora_7471522_20231223095011648012143795.aud
./bmiprd1_ora_7471540_20231224015737096173143795.aud
./bmiprd1_ora_7471560_20231224053050859246143795.aud
./bmiprd1_ora_7471568_20231223083543568480143795.aud
./bmiprd1_ora_7471578_20231223114710291053143795.aud
./bmiprd1_ora_7471584_20231224042052747604143795.aud
./bmiprd1_ora_7471604_20231223090736383059143795.aud
./bmiprd1_ora_7602690_20231223171643878617143795.aud
./bmiprd1_ora_7602700_20231223070044126337143795.aud
./bmiprd1_ora_7602708_20231224012028876943143795.aud
./bmiprd1_ora_7602710_20231224010010131379143795.aud
./bmiprd1_ora_7602732_20231223193455972693143795.aud
./bmiprd1_ora_7602734_20231223084914939904143795.aud
./bmiprd1_ora_7602734_20231223173240570857143795.aud
./bmiprd1_ora_7602746_20231223150349288798143795.aud
./bmiprd1_ora_7602746_20231224043647619362143795.aud
./bmiprd1_ora_7602748_20231223155141475088143795.aud
./bmiprd1_ora_7602754_20231223110009593351143795.aud
./bmiprd1_ora_7602770_20231223125615663095143795.aud
./bmiprd1_ora_7602776_20231224001644963989143795.aud
./bmiprd1_ora_7602802_20231224052016744795143795.aud
./bmiprd1_ora_7602812_20231223074751096835143795.aud
./bmiprd1_ora_7602812_20231223234452515313143795.aud
./bmiprd1_ora_7602820_20231223064400860138143795.aud
./bmiprd1_ora_7602830_20231223090004461858143795.aud
./bmiprd1_ora_7602874_20231224001126554242143795.aud
./bmiprd1_ora_7602878_20231223062804089779143795.aud
./bmiprd1_ora_7602892_20231223091816063607143795.aud
./bmiprd1_ora_7602918_20231223122421728676143795.aud
./bmiprd1_ora_7602922_20231224000608308112143795.aud
./bmiprd1_ora_7668012_20231224043647200019143795.aud
./bmiprd1_ora_7668098_20231224015218810569143795.aud
./bmiprd1_ora_7668146_20231223201210613116143795.aud
./bmiprd1_ora_7668178_20231224044723460835143795.aud
./bmiprd1_ora_7668194_20231224005914125140143795.aud
./bmiprd1_ora_7668204_20231223161255781540143795.aud
./bmiprd1_ora_7668206_20231223210003529280143795.aud
./bmiprd1_ora_7668222_20231223211554395406143795.aud
./bmiprd1_ora_7668228_20231224023447881707143795.aud
./bmiprd1_ora_7668248_20231223213709762479143795.aud
./bmiprd1_ora_7668272_20231223220903737963143795.aud
./bmiprd1_ora_7668284_20231223221422980148143795.aud
./bmiprd1_ora_7668286_20231224020259160849143795.aud
./bmiprd1_ora_7668308_20231224024006041012143795.aud
./bmiprd1_ora_7668326_20231223173240571524143795.aud
./bmiprd1_ora_7668378_20231224025041532588143795.aud
./bmiprd1_ora_7668394_20231224030637386188143795.aud
./bmiprd1_ora_7668410_20231223145830544832143795.aud
./bmiprd1_ora_7668438_20231224010952067384143795.aud
./bmiprd1_ora_7668474_20231223180953546385143795.aud
./bmiprd1_ora_7930390_20231224034345969536143795.aud
./bmiprd1_ora_7930398_20231224041534226525143795.aud
./bmiprd1_ora_7930410_20231223070012142462143795.aud
./bmiprd1_ora_7930434_20231223070036091944143795.aud
./bmiprd1_ora_7930442_20231224004317408592143795.aud
./bmiprd1_ora_7930462_20231224003758433686143795.aud
./bmiprd1_ora_7930528_20231224011510338701143795.aud
./bmiprd1_ora_7930546_20231224022930576677143795.aud
./bmiprd1_ora_7930550_20231224025041902463143795.aud
./bmiprd1_ora_7930596_20231224020817396869143795.aud
./bmiprd1_ora_7930602_20231223072633428046143795.aud
./bmiprd1_ora_8192778_20231223162332484287143795.aud
./bmiprd1_ora_8192780_20231224054646273806143795.aud
./bmiprd1_ora_8192782_20231223151428724711143795.aud
./bmiprd1_ora_8192790_20231223160737286720143795.aud
./bmiprd1_ora_8192796_20231224045241222827143795.aud
./bmiprd1_ora_8192798_20231224034903672374143795.aud
./bmiprd1_ora_8192812_20231223130005558811143795.aud
./bmiprd1_ora_8192818_20231223131212696633143795.aud
./bmiprd1_ora_8192824_20231223132809540289143795.aud
./bmiprd1_ora_8192828_20231224012546586411143795.aud
./bmiprd1_ora_8192848_20231224025600439420143795.aud
./bmiprd1_ora_8192852_20231224003758427218143795.aud
./bmiprd1_ora_8192890_20231223175916441305143795.aud
./bmiprd1_ora_8192896_20231223174319655441143795.aud
./bmiprd1_ora_8192896_20231223214228595077143795.aud
./bmiprd1_ora_8192902_20231223172202728719143795.aud
./bmiprd1_ora_8192910_20231223133328782023143795.aud
./bmiprd1_ora_8192936_20231223070007754310143795.aud
./bmiprd1_ora_8192938_20231223123458925941143795.aud
./bmiprd1_ora_8192970_20231223230739473234143795.aud
./bmiprd1_ora_8192982_20231223224623240461143795.aud
./bmiprd1_ora_8192982_20231224010432707557143795.aud
./bmiprd1_ora_8193018_20231223081427922181143795.aud
./bmiprd1_ora_8193018_20231223163929172555143795.aud
./bmiprd1_ora_8520212_20231224021854010070143795.aud
./bmiprd1_ora_8520320_20231224054645871669143795.aud
./bmiprd1_ora_8520340_20231223133328378346143795.aud
./bmiprd1_ora_8520350_20231223140002121215143795.aud
./bmiprd1_ora_8520356_20231223121344112895143795.aud
./bmiprd1_ora_8520396_20231223141558601314143795.aud
./bmiprd1_ora_8520398_20231224055722080385143795.aud
./bmiprd1_ora_8520414_20231223115747713113143795.aud
./bmiprd1_ora_8651530_20231223185741904177143795.aud
./bmiprd1_ora_8651530_20231224053609080397143795.aud
./bmiprd1_ora_8651542_20231223085658510496143795.aud
./bmiprd1_ora_8651546_20231223161255423961143795.aud
./bmiprd1_ora_8651560_20231224030009770350143795.aud
./bmiprd1_ora_8651616_20231224030636986077143795.aud
./bmiprd1_ora_8651630_20231223195612738753143795.aud
./bmiprd1_ora_8651632_20231223230006245241143795.aud
./bmiprd1_ora_8651660_20231223175916434834143795.aud
./bmiprd1_ora_8651666_20231223120306068542143795.aud
./bmiprd1_ora_8651674_20231223070007908739143795.aud
./bmiprd1_ora_8651696_20231224052533243745143795.aud
./bmiprd1_ora_8651710_20231223084857285573143795.aud
./bmiprd1_ora_8651716_20231223223545000532143795.aud
./bmiprd1_ora_8651718_20231224055204221632143795.aud
./bmiprd1_ora_8651720_20231223061727787752143795.aud
./bmiprd1_ora_8651724_20231223165525683350143795.aud
./bmiprd1_ora_8651726_20231223062245715779143795.aud
./bmiprd1_ora_8651730_20231223220904118751143795.aud
./bmiprd1_ora_8651752_20231224032232046814143795.aud
./bmiprd1_ora_8651768_20231223081946690351143795.aud
./bmiprd1_ora_9962246_20231224052016755460143795.aud
./bmiprd1_ora_9962250_20231223144231800324143795.aud
./bmiprd1_ora_9962254_20231223155141470147143795.aud
./bmiprd1_ora_9962266_20231223072633435865143795.aud
./bmiprd1_ora_9962276_20231223163410225505143795.aud
./bmiprd1_ora_9962286_20231223151429095557143795.aud
./bmiprd1_ora_9962300_20231223141039937022143795.aud
./bmiprd1_ora_9962300_20231223161813905259143795.aud
./bmiprd1_ora_9962308_20231223170008113626143795.aud
./bmiprd1_ora_9962310_20231224051500676734143795.aud
./bmiprd1_ora_9962312_20231224030009780942143795.aud
./bmiprd1_ora_9962320_20231223180434853919143795.aud
./bmiprd1_ora_9962324_20231224035421745102143795.aud
./bmiprd1_ora_9962326_20231223160736905145143795.aud
./bmiprd1_ora_9962354_20231224035940062014143795.aud
./bmiprd1_ora_9962356_20231223061208783422143795.aud
./bmiprd1_ora_9962358_20231224032750599542143795.aud
./bmiprd1_ora_9962370_20231223160219132503143795.aud
./bmiprd1_ora_9962376_20231223084102562953143795.aud
./bmiprd1_ora_9962378_20231223195054040009143795.aud
./bmiprd1_ora_9962394_20231223163929185091143795.aud
./bmiprd1_ora_9962424_20231224033827818366143795.aud
./bmiprd1_ora_9962426_20231224055722482751143795.aud
./bmiprd1_ora_9962434_20231223165007309213143795.aud
./bmiprd1_ora_9962452_20231223153545417645143795.aud
./bmiprd1_ora_9962482_20231224031155435495143795.aud
./bmiprd1_ora_9962494_20231224053050470385143795.aud


****************************************************************************
* REMOVE OLD ORACLE LOG - END 
* -------------------------------- 
*     SYSTEM : mcbdbdrc01         
* START DATE : 27/12/2023   
* START TIME : 06:00:02   
****************************************************************************
