****************************************************************************
* REMOVE OLD ORACLE LOG - START 
* ---------------------------------- 
*     SYSTEM : mcbdbdrc01         
* START DATE : 24/12/2023   
* START TIME : 06:15:01   
****************************************************************************

Listing of bdump old trace : /oracle/gridbase/diag/asm/+asm/+ASM1/trace
Listing of adump old trace : /oracle/app/grid/11.2.0.4/rdbms/audit
./+ASM1_ora_10354804_20231220065226679941143795.aud
./+ASM1_ora_10486748_20231220090730081353143795.aud
./+ASM1_ora_10551744_20231220152239515305143795.aud
./+ASM1_ora_10879236_20231220125235782281143795.aud
./+ASM1_ora_10879280_20231220130736090333143795.aud
./+ASM1_ora_10879548_20231221013755285030143795.aud
./+ASM1_ora_10879624_20231220170742176851143795.aud
./+ASM1_ora_10879680_20231221030757886310143795.aud
./+ASM1_ora_11076062_20231220093221181685143795.aud
./+ASM1_ora_11403792_20231221040758984743143795.aud
./+ASM1_ora_11534938_20231220115234180085143795.aud
./+ASM1_ora_11862762_20231221003753702865143795.aud
./+ASM1_ora_11862770_20231220112154200193143795.aud
./+ASM1_ora_11993468_20231220232251671898143795.aud
./+ASM1_ora_12452170_20231220173742959662143795.aud
./+ASM1_ora_12452582_20231220113733799105143795.aud
./+ASM1_ora_12517972_20231221000752810149143795.aud
./+ASM1_ora_12779864_20231220183744407966143795.aud
./+ASM1_ora_12780376_20231221042259368369143795.aud
./+ASM1_ora_12780440_20231221020755912440143795.aud
./+ASM1_ora_12780516_20231221025813602408143795.aud
./+ASM1_ora_12911136_20231220142238011171143795.aud
./+ASM1_ora_13173608_20231220140737634976143795.aud
./+ASM1_ora_13239022_20231220085229718753143795.aud
./+ASM1_ora_13369970_20231220083729334372143795.aud
./+ASM1_ora_13632074_20231220063726289566143795.aud
./+ASM1_ora_13697846_20231221033758202320143795.aud
./+ASM1_ora_13697898_20231221012254965056143795.aud
./+ASM1_ora_13697948_20231221005254107514143795.aud
./+ASM1_ora_14221688_20231221053801270351143795.aud
./+ASM1_ora_14287196_20231220135237248830143795.aud
./+ASM1_ora_14287442_20231220192245667632143795.aud
./+ASM1_ora_14615050_20231221025257080873143795.aud
./+ASM1_ora_14877090_20231220235252448885143795.aud
./+ASM1_ora_15598154_20231220093730818358143795.aud
./+ASM1_ora_15598212_20231220202247089389143795.aud
./+ASM1_ora_15598214_20231220100731552777143795.aud
./+ASM1_ora_15598240_20231220105232684076143795.aud
./+ASM1_ora_15794850_20231220095231195186143795.aud
./+ASM1_ora_16122548_20231220145238785420143795.aud
./+ASM1_ora_16384638_20231221060802023737143795.aud
./+ASM1_ora_16449552_20231221002253200883143795.aud
./+ASM1_ora_17039614_20231220212248834612143795.aud
./+ASM1_ora_1704590_20231220225250893694143795.aud
./+ASM1_ora_17498280_20231220103732274167143795.aud
./+ASM1_ora_17891696_20231220205247843469143795.aud
./+ASM1_ora_19005570_20231220070726986139143795.aud
./+ASM1_ora_19202472_20231220075228205848143795.aud
./+ASM1_ora_19399028_20231220080728556159143795.aud
./+ASM1_ora_20316352_20231220133736874407143795.aud
./+ASM1_ora_20840762_20231220153739901208143795.aud
./+ASM1_ora_21234026_20231220203747452729143795.aud
./+ASM1_ora_21234152_20231221050800485087143795.aud
./+ASM1_ora_21889218_20231220110733049013143795.aud
./+ASM1_ora_21889272_20231221055301645230143795.aud
./+ASM1_ora_22609940_20231220195246292922143795.aud
./+ASM1_ora_22610108_20231220102231931618143795.aud
./+ASM1_ora_22741076_20231220092230464683143795.aud
./+ASM1_ora_22741108_20231220073728057592143795.aud
./+ASM1_ora_23462126_20231221045300090728143795.aud
./+ASM1_ora_2490846_20231220213749040850143795.aud
./+ASM1_ora_26149070_20231220165241787968143795.aud
./+ASM1_ora_27525220_20231220082228995954143795.aud
./+ASM1_ora_27525306_20231220123735417727143795.aud
./+ASM1_ora_29032636_20231220160740645449143795.aud
./+ASM1_ora_29688000_20231220072227466404143795.aud
./+ASM1_ora_29950188_20231220230751297376143795.aud
./+ASM1_ora_3015104_20231221025813547779143795.aud
./+ASM1_ora_30277636_20231221035258590433143795.aud
./+ASM1_ora_33030160_20231220112233466511143795.aud
./+ASM1_ora_3670544_20231220193745923574143795.aud
./+ASM1_ora_3670722_20231220143738386471143795.aud
./+ASM1_ora_3867552_20231220182244039476143795.aud
./+ASM1_ora_3867616_20231220180743706826143795.aud
./+ASM1_ora_4064042_20231220162241076430143795.aud
./+ASM1_ora_4194832_20231221032257892416143795.aud
./+ASM1_ora_4718938_20231220220749701662143795.aud
./+ASM1_ora_4719496_20231220062225867936143795.aud
./+ASM1_ora_5112360_20231220150739139432143795.aud
./+ASM1_ora_5177650_20231220122235010054143795.aud
./+ASM1_ora_5767808_20231220163741448001143795.aud
./+ASM1_ora_5898758_20231221052300868414143795.aud
./+ASM1_ora_5964502_20231220155240292919143795.aud
./+ASM1_ora_5964530_20231220222250176547143795.aud
./+ASM1_ora_6226646_20231220132236503807143795.aud
./+ASM1_ora_6226676_20231221015255598382143795.aud
./+ASM1_ora_6292268_20231220215249329667143795.aud
./+ASM1_ora_6553964_20231220175243333360143795.aud
./+ASM1_ora_6750938_20231221010754605182143795.aud
./+ASM1_ora_7078174_20231221032123771587143795.aud
./+ASM1_ora_7471458_20231221043759732256143795.aud
./+ASM1_ora_7734038_20231220190745179785143795.aud
./+ASM1_ora_7734094_20231220210748206017143795.aud
./+ASM1_ora_7734154_20231220120734519704143795.aud
./+ASM1_ora_7799508_20231220185244840396143795.aud
./+ASM1_ora_7865342_20231220200746674289143795.aud
./+ASM1_ora_8650814_20231220233752067692143795.aud
./+ASM1_ora_8650940_20231220223750596392143795.aud
./+ASM1_ora_8650944_20231220172242530778143795.aud
./+ASM1_ora_9109526_20231221022256306787143795.aud
./+ASM1_ora_9962306_20231221023756716189143795.aud


****************************************************************************
* REMOVE OLD ORACLE LOG - END 
* -------------------------------- 
*     SYSTEM : mcbdbdrc01         
* START DATE : 24/12/2023   
* START TIME : 06:15:01   
****************************************************************************
