****************************************************************************
* REMOVE OLD ORACLE LOG - START 
* ---------------------------------- 
*     SYSTEM : mcbdbdrc01         
* START DATE : 27/12/2023   
* START TIME : 06:15:00   
****************************************************************************

Listing of bdump old trace : /oracle/gridbase/diag/asm/+asm/+ASM1/trace
Listing of adump old trace : /oracle/app/grid/11.2.0.4/rdbms/audit
./+ASM1_ora_10814254_20231223072416902690143795.aud
./+ASM1_ora_10814312_20231223070916413823143795.aud
./+ASM1_ora_10814330_20231224042448686997143795.aud
./+ASM1_ora_11075896_20231223203936864825143795.aud
./+ASM1_ora_11075980_20231224000942111893143795.aud
./+ASM1_ora_11338070_20231223083918938850143795.aud
./+ASM1_ora_11731192_20231224043949056710143795.aud
./+ASM1_ora_12321556_20231223150128889690143795.aud
./+ASM1_ora_12321674_20231223122424426843143795.aud
./+ASM1_ora_12321712_20231223222439561035143795.aud
./+ASM1_ora_12648626_20231224033947520437143795.aud
./+ASM1_ora_12714504_20231223150928500793143795.aud
./+ASM1_ora_12714670_20231223112422971682143795.aud
./+ASM1_ora_12714670_20231223165431196937143795.aud
./+ASM1_ora_12714720_20231223215438757645143795.aud
./+ASM1_ora_12714742_20231224025446387427143795.aud
./+ASM1_ora_12780304_20231223230940600571143795.aud
./+ASM1_ora_12780370_20231223213938372088143795.aud
./+ASM1_ora_12780434_20231223093920303035143795.aud
./+ASM1_ora_12780482_20231223153929299817143795.aud
./+ASM1_ora_13434888_20231223220939157116143795.aud
./+ASM1_ora_13434964_20231223183933834145143795.aud
./+ASM1_ora_13435086_20231223062415330332143795.aud
./+ASM1_ora_13566218_20231223063915697489143795.aud
./+ASM1_ora_13566424_20231223142427377785143795.aud
./+ASM1_ora_14418638_20231223085419197691143795.aud
./+ASM1_ora_15270512_20231223105422182878143795.aud
./+ASM1_ora_15401272_20231223110922554570143795.aud
./+ASM1_ora_15532324_20231223160930023098143795.aud
./+ASM1_ora_15860294_20231224060951337325143795.aud
./+ASM1_ora_15860406_20231223130925514122143795.aud
./+ASM1_ora_15860458_20231224045449399849143795.aud
./+ASM1_ora_16318962_20231223182433491928143795.aud
./+ASM1_ora_16449846_20231223155429656923143795.aud
./+ASM1_ora_16449888_20231223140927013540143795.aud
./+ASM1_ora_17236382_20231223202436541546143795.aud
./+ASM1_ora_17498208_20231223172431943517143795.aud
./+ASM1_ora_17498218_20231223192434993911143795.aud
./+ASM1_ora_17498220_20231223235441733976143795.aud
./+ASM1_ora_17498326_20231223212438003138143795.aud
./+ASM1_ora_18284878_20231223123924803563143795.aud
./+ASM1_ora_18285040_20231223133926253318143795.aud
./+ASM1_ora_18350344_20231224035447919197143795.aud
./+ASM1_ora_18481430_20231223190934610646143795.aud
./+ASM1_ora_18481500_20231223143927759856143795.aud
./+ASM1_ora_18481542_20231223125425147043143795.aud
./+ASM1_ora_20382142_20231223135426658254143795.aud
./+ASM1_ora_20382172_20231223073917662531143795.aud
./+ASM1_ora_20382204_20231223173932304043143795.aud
./+ASM1_ora_22282296_20231223225440256287143795.aud
./+ASM1_ora_22282380_20231223233941393447143795.aud
./+ASM1_ora_22282412_20231224052450554145143795.aud
./+ASM1_ora_22413366_20231224023945976651143795.aud
./+ASM1_ora_22413436_20231224030043056563143795.aud
./+ASM1_ora_26476628_20231224002442541426143795.aud
./+ASM1_ora_26476648_20231223163930823356143795.aud
./+ASM1_ora_26476676_20231223193935373665143795.aud
./+ASM1_ora_26476768_20231224040948323923143795.aud
./+ASM1_ora_29032620_20231224053950554921143795.aud
./+ASM1_ora_31064240_20231223152428935312143795.aud
./+ASM1_ora_31064240_20231224012444056101143795.aud
./+ASM1_ora_3146602_20231224055450929014143795.aud
./+ASM1_ora_31588362_20231224032447150427143795.aud
./+ASM1_ora_31588562_20231223113923309224143795.aud
./+ASM1_ora_31981696_20231224015444789559143795.aud
./+ASM1_ora_31981716_20231223103921847356143795.aud
./+ASM1_ora_31981748_20231224020945187511143795.aud
./+ASM1_ora_31981812_20231223080918032612143795.aud
./+ASM1_ora_31981820_20231224030946775251143795.aud
./+ASM1_ora_3211782_20231223223939868549143795.aud
./+ASM1_ora_3211852_20231223205437235428143795.aud
./+ASM1_ora_5767844_20231223145428152857143795.aud
./+ASM1_ora_6423246_20231223132425874318143795.aud
./+ASM1_ora_6947408_20231223200936084833143795.aud
./+ASM1_ora_6947546_20231223120924055134143795.aud
./+ASM1_ora_7013162_20231223210937612614143795.aud
./+ASM1_ora_7013332_20231223185434244629143795.aud
./+ASM1_ora_7013340_20231223162430423102143795.aud
./+ASM1_ora_7078410_20231223075417688728143795.aud
./+ASM1_ora_7143586_20231223092419927002143795.aud
./+ASM1_ora_7406486_20231223095420631418143795.aud
./+ASM1_ora_7406562_20231223232440992095143795.aud
./+ASM1_ora_7471364_20231224050949762871143795.aud
./+ASM1_ora_7471370_20231223090919519549143795.aud
./+ASM1_ora_7471474_20231223115423706998143795.aud
./+ASM1_ora_7602768_20231223102421477535143795.aud
./+ASM1_ora_7602826_20231223100921026740143795.aud
./+ASM1_ora_7930394_20231223065416097510143795.aud
./+ASM1_ora_7930508_20231224022445655817143795.aud
./+ASM1_ora_7930562_20231224003942900579143795.aud
./+ASM1_ora_8192910_20231224005443279256143795.aud
./+ASM1_ora_8192922_20231224013944445947143795.aud
./+ASM1_ora_8192986_20231224010943660884143795.aud
./+ASM1_ora_8193018_20231223175432647699143795.aud
./+ASM1_ora_8520366_20231223170931536790143795.aud
./+ASM1_ora_8651532_20231223180933058985143795.aud
./+ASM1_ora_8651566_20231223195435743351143795.aud
./+ASM1_ora_9962264_20231223082418402815143795.aud


****************************************************************************
* REMOVE OLD ORACLE LOG - END 
* -------------------------------- 
*     SYSTEM : mcbdbdrc01         
* START DATE : 27/12/2023   
* START TIME : 06:15:00   
****************************************************************************
