****************************************************************************
* REMOVE OLD ORACLE LOG - START 
* ---------------------------------- 
*     SYSTEM : mcbdbdrc01         
* START DATE : 25/12/2023   
* START TIME : 06:15:00   
****************************************************************************

Listing of bdump old trace : /oracle/gridbase/diag/asm/+asm/+ASM1/trace
./+ASM1_lmon_3670204.trm
./+ASM1_lmon_3670204.trc
Listing of adump old trace : /oracle/app/grid/11.2.0.4/rdbms/audit
./+ASM1_ora_10027676_20231222022312802736143795.aud
./+ASM1_ora_10355240_20231221072055089040143795.aud
./+ASM1_ora_10814280_20231221233828683970143795.aud
./+ASM1_ora_10814358_20231222002329768420143795.aud
./+ASM1_ora_11010384_20231222033834745735143795.aud
./+ASM1_ora_11010458_20231222060838515922143795.aud
./+ASM1_ora_11010484_20231221085306222766143795.aud
./+ASM1_ora_11075892_20231221153816365034143795.aud
./+ASM1_ora_11075982_20231221083805834071143795.aud
./+ASM1_ora_11076028_20231221112310013931143795.aud
./+ASM1_ora_11338652_20231221065303219671143795.aud
./+ASM1_ora_11403890_20231221110809595552143795.aud
./+ASM1_ora_11404002_20231221203823949676143795.aud
./+ASM1_ora_11404020_20231221182320606233143795.aud
./+ASM1_ora_12387024_20231221232129940690143795.aud
./+ASM1_ora_12583604_20231221080805042370143795.aud
./+ASM1_ora_12583902_20231222014014293104143795.aud
./+ASM1_ora_12779784_20231221232328312857143795.aud
./+ASM1_ora_12845856_20231221122311680339143795.aud
./+ASM1_ora_12976400_20231221150815637906143795.aud
./+ASM1_ora_12976400_20231221205324322458143795.aud
./+ASM1_ora_12976402_20231221133813387953143795.aud
./+ASM1_ora_13108014_20231221165318296570143795.aud
./+ASM1_ora_13108072_20231221095307742843143795.aud
./+ASM1_ora_13173608_20231221222326711611143795.aud
./+ASM1_ora_13238970_20231221125312275855143795.aud
./+ASM1_ora_13304810_20231222022312967523143795.aud
./+ASM1_ora_13698030_20231221100808118406143795.aud
./+ASM1_ora_13894498_20231222005330459487143795.aud
./+ASM1_ora_14221624_20231221173819478672143795.aud
./+ASM1_ora_14221650_20231221140814151997143795.aud
./+ASM1_ora_14221756_20231221213825459807143795.aud
./+ASM1_ora_14221770_20231221210824888950143795.aud
./+ASM1_ora_14418106_20231222022312882128143795.aud
./+ASM1_ora_14615172_20231221090806539700143795.aud
./+ASM1_ora_14745668_20231222053837783599143795.aud
./+ASM1_ora_14877330_20231221063802819267143795.aud
./+ASM1_ora_15401302_20231222022312924721143795.aud
./+ASM1_ora_15663154_20231221142314515481143795.aud
./+ASM1_ora_15925644_20231222012739259308143795.aud
./+ASM1_ora_16187396_20231222023833238236143795.aud
./+ASM1_ora_16384576_20231221082305429246143795.aud
./+ASM1_ora_16384702_20231221200823178543143795.aud
./+ASM1_ora_1704492_20231222040835516362143795.aud
./+ASM1_ora_17498142_20231222045336630864143795.aud
./+ASM1_ora_17498214_20231222042335885638143795.aud
./+ASM1_ora_17498348_20231222050837059712143795.aud
./+ASM1_ora_17564036_20231222014013902840143795.aud
./+ASM1_ora_18153680_20231221162317505927143795.aud
./+ASM1_ora_19071160_20231221215018732527143795.aud
./+ASM1_ora_19202102_20231222003830085076143795.aud
./+ASM1_ora_19202440_20231221105309213941143795.aud
./+ASM1_ora_20316388_20231222012202213672143795.aud
./+ASM1_ora_20774964_20231221092306947002143795.aud
./+ASM1_ora_21234092_20231221070803534420143795.aud
./+ASM1_ora_21234144_20231221220826309654143795.aud
./+ASM1_ora_21364762_20231221155316715549143795.aud
./+ASM1_ora_21364786_20231222022312752094143795.aud
./+ASM1_ora_21364818_20231221093807370969143795.aud
./+ASM1_ora_21364950_20231221195322823255143795.aud
./+ASM1_ora_21889026_20231221143814905914143795.aud
./+ASM1_ora_21889078_20231221120811092084143795.aud
./+ASM1_ora_21889354_20231222035335119059143795.aud
./+ASM1_ora_21889406_20231221170818690722143795.aud
./+ASM1_ora_21889440_20231221103808869531143795.aud
./+ASM1_ora_22282244_20231222012738716263143795.aud
./+ASM1_ora_23265356_20231221072304074380143795.aud
./+ASM1_ora_23265424_20231222012202798155143795.aud
./+ASM1_ora_23462046_20231221062302451859143795.aud
./+ASM1_ora_2490742_20231221235328986302143795.aud
./+ASM1_ora_26935412_20231222043836270105143795.aud
./+ASM1_ora_28967106_20231221223827025693143795.aud
./+ASM1_ora_30605374_20231222010830809517143795.aud
./+ASM1_ora_31260728_20231221152316006540143795.aud
./+ASM1_ora_31260812_20231221130812649498143795.aud
./+ASM1_ora_31588430_20231221135313755191143795.aud
./+ASM1_ora_31588494_20231221190821699352143795.aud
./+ASM1_ora_31588600_20231221215325938603143795.aud
./+ASM1_ora_3801916_20231221230827998757143795.aud
./+ASM1_ora_3867422_20231221175319826490143795.aud
./+ASM1_ora_3867586_20231221192322067421143795.aud
./+ASM1_ora_3932268_20231222030833971813143795.aud
./+ASM1_ora_4457128_20231222055338176475143795.aud
./+ASM1_ora_4457318_20231221202323582019143795.aud
./+ASM1_ora_4457376_20231221193822445577143795.aud
./+ASM1_ora_4457422_20231221075304723490143795.aud
./+ASM1_ora_4457442_20231221172319121161143795.aud
./+ASM1_ora_4522580_20231221132313055458143795.aud
./+ASM1_ora_5898876_20231222020832398168143795.aud
./+ASM1_ora_5964428_20231221183820962320143795.aud
./+ASM1_ora_5964518_20231221212325282110143795.aud
./+ASM1_ora_5964600_20231222032334422788143795.aud
./+ASM1_ora_6226332_20231222052337409589143795.aud
./+ASM1_ora_6226366_20231222015332290316143795.aud
./+ASM1_ora_6423052_20231221084508129946143795.aud
./+ASM1_ora_6488678_20231222012331338665143795.aud
./+ASM1_ora_7078146_20231221123811929742143795.aud
./+ASM1_ora_7078302_20231221152407892178143795.aud
./+ASM1_ora_7078840_20231222022312838855143795.aud
./+ASM1_ora_7078868_20231221225327649384143795.aud
./+ASM1_ora_7274816_20231222025333630778143795.aud
./+ASM1_ora_7471590_20231221180820211238143795.aud
./+ASM1_ora_7471926_20231221113810361745143795.aud
./+ASM1_ora_7668480_20231221222848316784143795.aud
./+ASM1_ora_7865140_20231222022332851152143795.aud
./+ASM1_ora_8257738_20231222000829339822143795.aud
./+ASM1_ora_8323788_20231221233708304996143795.aud
./+ASM1_ora_8651486_20231221215611965060143795.aud
./+ASM1_ora_8913156_20231222013831639964143795.aud
./+ASM1_ora_9306638_20231221145315264150143795.aud
./+ASM1_ora_9306680_20231221115310720586143795.aud
./+ASM1_ora_9306722_20231221163817894147143795.aud
./+ASM1_ora_9306726_20231221160817152469143795.aud
./+ASM1_ora_9306760_20231221102308479747143795.aud
./+ASM1_ora_9306868_20231221073804687275143795.aud
./+ASM1_ora_9372284_20231221185321357394143795.aud


****************************************************************************
* REMOVE OLD ORACLE LOG - END 
* -------------------------------- 
*     SYSTEM : mcbdbdrc01         
* START DATE : 25/12/2023   
* START TIME : 06:15:00   
****************************************************************************
